Internal Server Error: /about_us
Traceback (most recent call last):
  File "C:\Users\ART MACHINE\Desktop\Web\envs\gorilla_job_net\Lib\site-packages\django\core\handlers\exception.py", line 55, in inner
    response = get_response(request)
               ^^^^^^^^^^^^^^^^^^^^^
  File "C:\Users\ART MACHINE\Desktop\Web\envs\gorilla_job_net\Lib\site-packages\django\core\handlers\base.py", line 197, in _get_response
    response = wrapped_callback(request, *callback_args, **callback_kwargs)
               ^^^^^^^^^^^^^^^^^^^^^^^^^^^^^^^^^^^^^^^^^^^^^^^^^^^^^^^^^^^^
  File "C:\Users\ART MACHINE\Desktop\Web\envs\gorilla_job_net\Lib\site-packages\django\views\generic\base.py", line 104, in view
    return self.dispatch(request, *args, **kwargs)
           ^^^^^^^^^^^^^^^^^^^^^^^^^^^^^^^^^^^^^^^
  File "C:\Users\ART MACHINE\Desktop\Web\envs\gorilla_job_net\Lib\site-packages\django\views\generic\base.py", line 143, in dispatch
    return handler(request, *args, **kwargs)
           ^^^^^^^^^^^^^^^^^^^^^^^^^^^^^^^^^
  File "C:\Users\ART MACHINE\Desktop\Web\NDC\Home\views.py", line 90, in get
    return render(request,'about_us.html',context)
          ^^^^^^^^^^^^^^^^^^^^^^^^^^^^^^^^^^^^^^^
  File "C:\Users\ART MACHINE\Desktop\Web\envs\gorilla_job_net\Lib\site-packages\django\shortcuts.py", line 25, in render
    content = loader.render_to_string(template_name, context, request, using=using)
              ^^^^^^^^^^^^^^^^^^^^^^^^^^^^^^^^^^^^^^^^^^^^^^^^^^^^^^^^^^^^^^^^^^^^^
  File "C:\Users\ART MACHINE\Desktop\Web\envs\gorilla_job_net\Lib\site-packages\django\template\loader.py", line 62, in render_to_string
    return template.render(context, request)
           ^^^^^^^^^^^^^^^^^^^^^^^^^^^^^^^^^
  File "C:\Users\ART MACHINE\Desktop\Web\envs\gorilla_job_net\Lib\site-packages\django\template\backends\django.py", line 61, in render
    return self.template.render(context)
           ^^^^^^^^^^^^^^^^^^^^^^^^^^^^^
  File "C:\Users\ART MACHINE\Desktop\Web\envs\gorilla_job_net\Lib\site-packages\django\template\base.py", line 171, in render
    return self._render(context)
           ^^^^^^^^^^^^^^^^^^^^^
  File "C:\Users\ART MACHINE\Desktop\Web\envs\gorilla_job_net\Lib\site-packages\django\template\base.py", line 163, in _render
    return self.nodelist.render(context)
           ^^^^^^^^^^^^^^^^^^^^^^^^^^^^^
  File "C:\Users\ART MACHINE\Desktop\Web\envs\gorilla_job_net\Lib\site-packages\django\template\base.py", line 1000, in render
    return SafeString("".join([node.render_annotated(context) for node in self]))
                              ^^^^^^^^^^^^^^^^^^^^^^^^^^^^^^^^^^^^^^^^^^^^^^^^^
  File "C:\Users\ART MACHINE\Desktop\Web\envs\gorilla_job_net\Lib\site-packages\django\template\base.py", line 1000, in <listcomp>
    return SafeString("".join([node.render_annotated(context) for node in self]))
                               ^^^^^^^^^^^^^^^^^^^^^^^^^^^^^^
  File "C:\Users\ART MACHINE\Desktop\Web\envs\gorilla_job_net\Lib\site-packages\django\template\base.py", line 961, in render_annotated
    return self.render(context)
           ^^^^^^^^^^^^^^^^^^^^
  File "C:\Users\ART MACHINE\Desktop\Web\envs\gorilla_job_net\Lib\site-packages\django\template\loader_tags.py", line 159, in render
    return compiled_parent._render(context)
           ^^^^^^^^^^^^^^^^^^^^^^^^^^^^^^^^
  File "C:\Users\ART MACHINE\Desktop\Web\envs\gorilla_job_net\Lib\site-packages\django\template\base.py", line 163, in _render
    return self.nodelist.render(context)
           ^^^^^^^^^^^^^^^^^^^^^^^^^^^^^
  File "C:\Users\ART MACHINE\Desktop\Web\envs\gorilla_job_net\Lib\site-packages\django\template\base.py", line 1000, in render
    return SafeString("".join([node.render_annotated(context) for node in self]))
                              ^^^^^^^^^^^^^^^^^^^^^^^^^^^^^^^^^^^^^^^^^^^^^^^^^
  File "C:\Users\ART MACHINE\Desktop\Web\envs\gorilla_job_net\Lib\site-packages\django\template\base.py", line 1000, in <listcomp>
    return SafeString("".join([node.render_annotated(context) for node in self]))
                               ^^^^^^^^^^^^^^^^^^^^^^^^^^^^^^
  File "C:\Users\ART MACHINE\Desktop\Web\envs\gorilla_job_net\Lib\site-packages\django\template\base.py", line 961, in render_annotated
    return self.render(context)
           ^^^^^^^^^^^^^^^^^^^^
  File "C:\Users\ART MACHINE\Desktop\Web\envs\gorilla_job_net\Lib\site-packages\django\template\loader_tags.py", line 65, in render
    result = block.nodelist.render(context)
             ^^^^^^^^^^^^^^^^^^^^^^^^^^^^^^
  File "C:\Users\ART MACHINE\Desktop\Web\envs\gorilla_job_net\Lib\site-packages\django\template\base.py", line 1000, in render
    return SafeString("".join([node.render_annotated(context) for node in self]))
                              ^^^^^^^^^^^^^^^^^^^^^^^^^^^^^^^^^^^^^^^^^^^^^^^^^
  File "C:\Users\ART MACHINE\Desktop\Web\envs\gorilla_job_net\Lib\site-packages\django\template\base.py", line 1000, in <listcomp>
    return SafeString("".join([node.render_annotated(context) for node in self]))
                               ^^^^^^^^^^^^^^^^^^^^^^^^^^^^^^
  File "C:\Users\ART MACHINE\Desktop\Web\envs\gorilla_job_net\Lib\site-packages\django\template\base.py", line 961, in render_annotated
    return self.render(context)
           ^^^^^^^^^^^^^^^^^^^^
  File "C:\Users\ART MACHINE\Desktop\Web\envs\gorilla_job_net\Lib\site-packages\django\templatetags\static.py", line 116, in render
    url = self.url(context)
          ^^^^^^^^^^^^^^^^^
  File "C:\Users\ART MACHINE\Desktop\Web\envs\gorilla_job_net\Lib\site-packages\django\templatetags\static.py", line 113, in url
    return self.handle_simple(path)
           ^^^^^^^^^^^^^^^^^^^^^^^^
  File "C:\Users\ART MACHINE\Desktop\Web\envs\gorilla_job_net\Lib\site-packages\django\templatetags\static.py", line 129, in handle_simple
    return staticfiles_storage.url(path)
           ^^^^^^^^^^^^^^^^^^^^^^^^^^^^^
  File "C:\Users\ART MACHINE\Desktop\Web\envs\gorilla_job_net\Lib\site-packages\django\contrib\staticfiles\storage.py", line 203, in url
    return self._url(self.stored_name, name, force)
           ^^^^^^^^^^^^^^^^^^^^^^^^^^^^^^^^^^^^^^^^
  File "C:\Users\ART MACHINE\Desktop\Web\envs\gorilla_job_net\Lib\site-packages\django\contrib\staticfiles\storage.py", line 182, in _url
    hashed_name = hashed_name_func(*args)
                  ^^^^^^^^^^^^^^^^^^^^^^^
  File "C:\Users\ART MACHINE\Desktop\Web\envs\gorilla_job_net\Lib\site-packages\django\contrib\staticfiles\storage.py", line 516, in stored_name
    raise ValueError(
ValueError: Missing staticfiles manifest entry for 'images/mixed 2.jpg'
"GET /about_us HTTP/1.1" 500 145
Internal Server Error: /about_us
Traceback (most recent call last):
  File "C:\Users\ART MACHINE\Desktop\Web\envs\gorilla_job_net\Lib\site-packages\django\core\handlers\exception.py", line 55, in inner
    response = get_response(request)
               ^^^^^^^^^^^^^^^^^^^^^
  File "C:\Users\ART MACHINE\Desktop\Web\envs\gorilla_job_net\Lib\site-packages\django\core\handlers\base.py", line 197, in _get_response
    response = wrapped_callback(request, *callback_args, **callback_kwargs)
               ^^^^^^^^^^^^^^^^^^^^^^^^^^^^^^^^^^^^^^^^^^^^^^^^^^^^^^^^^^^^
  File "C:\Users\ART MACHINE\Desktop\Web\envs\gorilla_job_net\Lib\site-packages\django\views\generic\base.py", line 104, in view
    return self.dispatch(request, *args, **kwargs)
           ^^^^^^^^^^^^^^^^^^^^^^^^^^^^^^^^^^^^^^^
  File "C:\Users\ART MACHINE\Desktop\Web\envs\gorilla_job_net\Lib\site-packages\django\views\generic\base.py", line 143, in dispatch
    return handler(request, *args, **kwargs)
           ^^^^^^^^^^^^^^^^^^^^^^^^^^^^^^^^^
  File "C:\Users\ART MACHINE\Desktop\Web\NDC\Home\views.py", line 90, in get
    return render(request,'about_us.html',context)
          ^^^^^^^^^^^^^^^^^^^^^^^^^^^^^^^^^^^^^^^
  File "C:\Users\ART MACHINE\Desktop\Web\envs\gorilla_job_net\Lib\site-packages\django\shortcuts.py", line 25, in render
    content = loader.render_to_string(template_name, context, request, using=using)
              ^^^^^^^^^^^^^^^^^^^^^^^^^^^^^^^^^^^^^^^^^^^^^^^^^^^^^^^^^^^^^^^^^^^^^
  File "C:\Users\ART MACHINE\Desktop\Web\envs\gorilla_job_net\Lib\site-packages\django\template\loader.py", line 62, in render_to_string
    return template.render(context, request)
           ^^^^^^^^^^^^^^^^^^^^^^^^^^^^^^^^^
  File "C:\Users\ART MACHINE\Desktop\Web\envs\gorilla_job_net\Lib\site-packages\django\template\backends\django.py", line 61, in render
    return self.template.render(context)
           ^^^^^^^^^^^^^^^^^^^^^^^^^^^^^
  File "C:\Users\ART MACHINE\Desktop\Web\envs\gorilla_job_net\Lib\site-packages\django\template\base.py", line 171, in render
    return self._render(context)
           ^^^^^^^^^^^^^^^^^^^^^
  File "C:\Users\ART MACHINE\Desktop\Web\envs\gorilla_job_net\Lib\site-packages\django\template\base.py", line 163, in _render
    return self.nodelist.render(context)
           ^^^^^^^^^^^^^^^^^^^^^^^^^^^^^
  File "C:\Users\ART MACHINE\Desktop\Web\envs\gorilla_job_net\Lib\site-packages\django\template\base.py", line 1000, in render
    return SafeString("".join([node.render_annotated(context) for node in self]))
                              ^^^^^^^^^^^^^^^^^^^^^^^^^^^^^^^^^^^^^^^^^^^^^^^^^
  File "C:\Users\ART MACHINE\Desktop\Web\envs\gorilla_job_net\Lib\site-packages\django\template\base.py", line 1000, in <listcomp>
    return SafeString("".join([node.render_annotated(context) for node in self]))
                               ^^^^^^^^^^^^^^^^^^^^^^^^^^^^^^
  File "C:\Users\ART MACHINE\Desktop\Web\envs\gorilla_job_net\Lib\site-packages\django\template\base.py", line 961, in render_annotated
    return self.render(context)
           ^^^^^^^^^^^^^^^^^^^^
  File "C:\Users\ART MACHINE\Desktop\Web\envs\gorilla_job_net\Lib\site-packages\django\template\loader_tags.py", line 159, in render
    return compiled_parent._render(context)
           ^^^^^^^^^^^^^^^^^^^^^^^^^^^^^^^^
  File "C:\Users\ART MACHINE\Desktop\Web\envs\gorilla_job_net\Lib\site-packages\django\template\base.py", line 163, in _render
    return self.nodelist.render(context)
           ^^^^^^^^^^^^^^^^^^^^^^^^^^^^^
  File "C:\Users\ART MACHINE\Desktop\Web\envs\gorilla_job_net\Lib\site-packages\django\template\base.py", line 1000, in render
    return SafeString("".join([node.render_annotated(context) for node in self]))
                              ^^^^^^^^^^^^^^^^^^^^^^^^^^^^^^^^^^^^^^^^^^^^^^^^^
  File "C:\Users\ART MACHINE\Desktop\Web\envs\gorilla_job_net\Lib\site-packages\django\template\base.py", line 1000, in <listcomp>
    return SafeString("".join([node.render_annotated(context) for node in self]))
                               ^^^^^^^^^^^^^^^^^^^^^^^^^^^^^^
  File "C:\Users\ART MACHINE\Desktop\Web\envs\gorilla_job_net\Lib\site-packages\django\template\base.py", line 961, in render_annotated
    return self.render(context)
           ^^^^^^^^^^^^^^^^^^^^
  File "C:\Users\ART MACHINE\Desktop\Web\envs\gorilla_job_net\Lib\site-packages\django\template\loader_tags.py", line 65, in render
    result = block.nodelist.render(context)
             ^^^^^^^^^^^^^^^^^^^^^^^^^^^^^^
  File "C:\Users\ART MACHINE\Desktop\Web\envs\gorilla_job_net\Lib\site-packages\django\template\base.py", line 1000, in render
    return SafeString("".join([node.render_annotated(context) for node in self]))
                              ^^^^^^^^^^^^^^^^^^^^^^^^^^^^^^^^^^^^^^^^^^^^^^^^^
  File "C:\Users\ART MACHINE\Desktop\Web\envs\gorilla_job_net\Lib\site-packages\django\template\base.py", line 1000, in <listcomp>
    return SafeString("".join([node.render_annotated(context) for node in self]))
                               ^^^^^^^^^^^^^^^^^^^^^^^^^^^^^^
  File "C:\Users\ART MACHINE\Desktop\Web\envs\gorilla_job_net\Lib\site-packages\django\template\base.py", line 961, in render_annotated
    return self.render(context)
           ^^^^^^^^^^^^^^^^^^^^
  File "C:\Users\ART MACHINE\Desktop\Web\envs\gorilla_job_net\Lib\site-packages\django\templatetags\static.py", line 116, in render
    url = self.url(context)
          ^^^^^^^^^^^^^^^^^
  File "C:\Users\ART MACHINE\Desktop\Web\envs\gorilla_job_net\Lib\site-packages\django\templatetags\static.py", line 113, in url
    return self.handle_simple(path)
           ^^^^^^^^^^^^^^^^^^^^^^^^
  File "C:\Users\ART MACHINE\Desktop\Web\envs\gorilla_job_net\Lib\site-packages\django\templatetags\static.py", line 129, in handle_simple
    return staticfiles_storage.url(path)
           ^^^^^^^^^^^^^^^^^^^^^^^^^^^^^
  File "C:\Users\ART MACHINE\Desktop\Web\envs\gorilla_job_net\Lib\site-packages\django\contrib\staticfiles\storage.py", line 203, in url
    return self._url(self.stored_name, name, force)
           ^^^^^^^^^^^^^^^^^^^^^^^^^^^^^^^^^^^^^^^^
  File "C:\Users\ART MACHINE\Desktop\Web\envs\gorilla_job_net\Lib\site-packages\django\contrib\staticfiles\storage.py", line 182, in _url
    hashed_name = hashed_name_func(*args)
                  ^^^^^^^^^^^^^^^^^^^^^^^
  File "C:\Users\ART MACHINE\Desktop\Web\envs\gorilla_job_net\Lib\site-packages\django\contrib\staticfiles\storage.py", line 516, in stored_name
    raise ValueError(
ValueError: Missing staticfiles manifest entry for 'images/mixed 2.jpg'
"GET /about_us HTTP/1.1" 500 145
Internal Server Error: /admin/Home/actions/add/
Traceback (most recent call last):
  File "C:\Users\ART MACHINE\Desktop\Web\envs\gorilla_job_net\Lib\site-packages\urllib3\connection.py", line 198, in _new_conn
    sock = connection.create_connection(
           ^^^^^^^^^^^^^^^^^^^^^^^^^^^^^
  File "C:\Users\ART MACHINE\Desktop\Web\envs\gorilla_job_net\Lib\site-packages\urllib3\util\connection.py", line 60, in create_connection
    for res in socket.getaddrinfo(host, port, family, socket.SOCK_STREAM):
               ^^^^^^^^^^^^^^^^^^^^^^^^^^^^^^^^^^^^^^^^^^^^^^^^^^^^^^^^^^
  File "C:\Users\ART MACHINE\AppData\Local\Programs\Python\Python311\Lib\socket.py", line 962, in getaddrinfo
    for res in _socket.getaddrinfo(host, port, family, type, proto, flags):
               ^^^^^^^^^^^^^^^^^^^^^^^^^^^^^^^^^^^^^^^^^^^^^^^^^^^^^^^^^^^
socket.gaierror: [Errno 11001] getaddrinfo failed

The above exception was the direct cause of the following exception:

Traceback (most recent call last):
  File "C:\Users\ART MACHINE\Desktop\Web\envs\gorilla_job_net\Lib\site-packages\urllib3\connectionpool.py", line 793, in urlopen
    response = self._make_request(
               ^^^^^^^^^^^^^^^^^^^
  File "C:\Users\ART MACHINE\Desktop\Web\envs\gorilla_job_net\Lib\site-packages\urllib3\connectionpool.py", line 491, in _make_request
    raise new_e
  File "C:\Users\ART MACHINE\Desktop\Web\envs\gorilla_job_net\Lib\site-packages\urllib3\connectionpool.py", line 467, in _make_request
    self._validate_conn(conn)
  File "C:\Users\ART MACHINE\Desktop\Web\envs\gorilla_job_net\Lib\site-packages\cloudinary\api_client\tcp_keep_alive_manager.py", line 74, in _validate_conn
    super(TCPKeepAliveHTTPSConnectionPool, self)._validate_conn(conn)
  File "C:\Users\ART MACHINE\Desktop\Web\envs\gorilla_job_net\Lib\site-packages\urllib3\connectionpool.py", line 1099, in _validate_conn
    conn.connect()
  File "C:\Users\ART MACHINE\Desktop\Web\envs\gorilla_job_net\Lib\site-packages\urllib3\connection.py", line 616, in connect
    self.sock = sock = self._new_conn()
                       ^^^^^^^^^^^^^^^^
  File "C:\Users\ART MACHINE\Desktop\Web\envs\gorilla_job_net\Lib\site-packages\urllib3\connection.py", line 205, in _new_conn
    raise NameResolutionError(self.host, self, e) from e
urllib3.exceptions.NameResolutionError: <urllib3.connection.HTTPSConnection object at 0x0000023E55E020D0>: Failed to resolve 'api.cloudinary.com' ([Errno 11001] getaddrinfo failed)

The above exception was the direct cause of the following exception:

Traceback (most recent call last):
  File "C:\Users\ART MACHINE\Desktop\Web\envs\gorilla_job_net\Lib\site-packages\cloudinary\uploader.py", line 509, in call_api
    response = _http.request(method="POST", url=api_url, fields=param_list, headers=headers, **kw)
               ^^^^^^^^^^^^^^^^^^^^^^^^^^^^^^^^^^^^^^^^^^^^^^^^^^^^^^^^^^^^^^^^^^^^^^^^^^^^^^^^^^^
  File "C:\Users\ART MACHINE\Desktop\Web\envs\gorilla_job_net\Lib\site-packages\urllib3\_request_methods.py", line 144, in request
    return self.request_encode_body(
           ^^^^^^^^^^^^^^^^^^^^^^^^^
  File "C:\Users\ART MACHINE\Desktop\Web\envs\gorilla_job_net\Lib\site-packages\urllib3\_request_methods.py", line 279, in request_encode_body
    return self.urlopen(method, url, **extra_kw)
           ^^^^^^^^^^^^^^^^^^^^^^^^^^^^^^^^^^^^^
  File "C:\Users\ART MACHINE\Desktop\Web\envs\gorilla_job_net\Lib\site-packages\urllib3\poolmanager.py", line 444, in urlopen
    response = conn.urlopen(method, u.request_uri, **kw)
               ^^^^^^^^^^^^^^^^^^^^^^^^^^^^^^^^^^^^^^^^^
  File "C:\Users\ART MACHINE\Desktop\Web\envs\gorilla_job_net\Lib\site-packages\urllib3\connectionpool.py", line 877, in urlopen
    return self.urlopen(
           ^^^^^^^^^^^^^
  File "C:\Users\ART MACHINE\Desktop\Web\envs\gorilla_job_net\Lib\site-packages\urllib3\connectionpool.py", line 877, in urlopen
    return self.urlopen(
           ^^^^^^^^^^^^^
  File "C:\Users\ART MACHINE\Desktop\Web\envs\gorilla_job_net\Lib\site-packages\urllib3\connectionpool.py", line 877, in urlopen
    return self.urlopen(
           ^^^^^^^^^^^^^
  File "C:\Users\ART MACHINE\Desktop\Web\envs\gorilla_job_net\Lib\site-packages\urllib3\connectionpool.py", line 847, in urlopen
    retries = retries.increment(
              ^^^^^^^^^^^^^^^^^^
  File "C:\Users\ART MACHINE\Desktop\Web\envs\gorilla_job_net\Lib\site-packages\urllib3\util\retry.py", line 515, in increment
    raise MaxRetryError(_pool, url, reason) from reason  # type: ignore[arg-type]
    ^^^^^^^^^^^^^^^^^^^^^^^^^^^^^^^^^^^^^^^^^^^^^^^^^^^
urllib3.exceptions.MaxRetryError: TCPKeepAliveHTTPSConnectionPool(host='api.cloudinary.com', port=443): Max retries exceeded with url: /v1_1/dkjcjttt8/image/upload (Caused by NameResolutionError("<urllib3.connection.HTTPSConnection object at 0x0000023E55E020D0>: Failed to resolve 'api.cloudinary.com' ([Errno 11001] getaddrinfo failed)"))

During handling of the above exception, another exception occurred:

Traceback (most recent call last):
  File "C:\Users\ART MACHINE\Desktop\Web\envs\gorilla_job_net\Lib\site-packages\django\core\handlers\exception.py", line 55, in inner
    response = get_response(request)
               ^^^^^^^^^^^^^^^^^^^^^
  File "C:\Users\ART MACHINE\Desktop\Web\envs\gorilla_job_net\Lib\site-packages\django\core\handlers\base.py", line 197, in _get_response
    response = wrapped_callback(request, *callback_args, **callback_kwargs)
               ^^^^^^^^^^^^^^^^^^^^^^^^^^^^^^^^^^^^^^^^^^^^^^^^^^^^^^^^^^^^
  File "C:\Users\ART MACHINE\Desktop\Web\envs\gorilla_job_net\Lib\site-packages\django\contrib\admin\options.py", line 716, in wrapper
    return self.admin_site.admin_view(view)(*args, **kwargs)
           ^^^^^^^^^^^^^^^^^^^^^^^^^^^^^^^^^^^^^^^^^^^^^^^^^
  File "C:\Users\ART MACHINE\Desktop\Web\envs\gorilla_job_net\Lib\site-packages\django\utils\decorators.py", line 188, in _view_wrapper
    result = _process_exception(request, e)
             ^^^^^^^^^^^^^^^^^^^^^^^^^^^^^^
  File "C:\Users\ART MACHINE\Desktop\Web\envs\gorilla_job_net\Lib\site-packages\django\utils\decorators.py", line 186, in _view_wrapper
    response = view_func(request, *args, **kwargs)
               ^^^^^^^^^^^^^^^^^^^^^^^^^^^^^^^^^^^
  File "C:\Users\ART MACHINE\Desktop\Web\envs\gorilla_job_net\Lib\site-packages\django\views\decorators\cache.py", line 80, in _view_wrapper
    response = view_func(request, *args, **kwargs)
               ^^^^^^^^^^^^^^^^^^^^^^^^^^^^^^^^^^^
  File "C:\Users\ART MACHINE\Desktop\Web\envs\gorilla_job_net\Lib\site-packages\django\contrib\admin\sites.py", line 240, in inner
    return view(request, *args, **kwargs)
           ^^^^^^^^^^^^^^^^^^^^^^^^^^^^^^
  File "C:\Users\ART MACHINE\Desktop\Web\envs\gorilla_job_net\Lib\site-packages\django\contrib\admin\options.py", line 1945, in add_view
    return self.changeform_view(request, None, form_url, extra_context)
           ^^^^^^^^^^^^^^^^^^^^^^^^^^^^^^^^^^^^^^^^^^^^^^^^^^^^^^^^^^^^
  File "C:\Users\ART MACHINE\Desktop\Web\envs\gorilla_job_net\Lib\site-packages\django\utils\decorators.py", line 48, in _wrapper
    return bound_method(*args, **kwargs)
           ^^^^^^^^^^^^^^^^^^^^^^^^^^^^^
  File "C:\Users\ART MACHINE\Desktop\Web\envs\gorilla_job_net\Lib\site-packages\django\utils\decorators.py", line 188, in _view_wrapper
    result = _process_exception(request, e)
             ^^^^^^^^^^^^^^^^^^^^^^^^^^^^^^
  File "C:\Users\ART MACHINE\Desktop\Web\envs\gorilla_job_net\Lib\site-packages\django\utils\decorators.py", line 186, in _view_wrapper
    response = view_func(request, *args, **kwargs)
               ^^^^^^^^^^^^^^^^^^^^^^^^^^^^^^^^^^^
  File "C:\Users\ART MACHINE\Desktop\Web\envs\gorilla_job_net\Lib\site-packages\django\contrib\admin\options.py", line 1804, in changeform_view
    return self._changeform_view(request, object_id, form_url, extra_context)
           ^^^^^^^^^^^^^^^^^^^^^^^^^^^^^^^^^^^^^^^^^^^^^^^^^^^^^^^^^^^^^^^^^^
  File "C:\Users\ART MACHINE\Desktop\Web\envs\gorilla_job_net\Lib\site-packages\django\contrib\admin\options.py", line 1855, in _changeform_view
    self.save_model(request, new_object, form, not add)
  File "C:\Users\ART MACHINE\Desktop\Web\envs\gorilla_job_net\Lib\site-packages\django\contrib\admin\options.py", line 1259, in save_model
    obj.save()
  File "C:\Users\ART MACHINE\Desktop\Web\envs\gorilla_job_net\Lib\site-packages\django\db\models\base.py", line 822, in save
    self.save_base(
  File "C:\Users\ART MACHINE\Desktop\Web\envs\gorilla_job_net\Lib\site-packages\django\db\models\base.py", line 909, in save_base
    updated = self._save_table(
              ^^^^^^^^^^^^^^^^^
  File "C:\Users\ART MACHINE\Desktop\Web\envs\gorilla_job_net\Lib\site-packages\django\db\models\base.py", line 1071, in _save_table
    results = self._do_insert(
              ^^^^^^^^^^^^^^^^
  File "C:\Users\ART MACHINE\Desktop\Web\envs\gorilla_job_net\Lib\site-packages\django\db\models\base.py", line 1112, in _do_insert
    return manager._insert(
           ^^^^^^^^^^^^^^^^
  File "C:\Users\ART MACHINE\Desktop\Web\envs\gorilla_job_net\Lib\site-packages\django\db\models\manager.py", line 87, in manager_method
    return getattr(self.get_queryset(), name)(*args, **kwargs)
           ^^^^^^^^^^^^^^^^^^^^^^^^^^^^^^^^^^^^^^^^^^^^^^^^^^^
  File "C:\Users\ART MACHINE\Desktop\Web\envs\gorilla_job_net\Lib\site-packages\django\db\models\query.py", line 1847, in _insert
    return query.get_compiler(using=using).execute_sql(returning_fields)
           ^^^^^^^^^^^^^^^^^^^^^^^^^^^^^^^^^^^^^^^^^^^^^^^^^^^^^^^^^^^^^
  File "C:\Users\ART MACHINE\Desktop\Web\envs\gorilla_job_net\Lib\site-packages\django\db\models\sql\compiler.py", line 1822, in execute_sql
    for sql, params in self.as_sql():
                       ^^^^^^^^^^^^^
  File "C:\Users\ART MACHINE\Desktop\Web\envs\gorilla_job_net\Lib\site-packages\django\db\models\sql\compiler.py", line 1745, in as_sql
    value_rows = [
                 ^
  File "C:\Users\ART MACHINE\Desktop\Web\envs\gorilla_job_net\Lib\site-packages\django\db\models\sql\compiler.py", line 1746, in <listcomp>
    [
  File "C:\Users\ART MACHINE\Desktop\Web\envs\gorilla_job_net\Lib\site-packages\django\db\models\sql\compiler.py", line 1747, in <listcomp>
    self.prepare_value(field, self.pre_save_val(field, obj))
                              ^^^^^^^^^^^^^^^^^^^^^^^^^^^^^
  File "C:\Users\ART MACHINE\Desktop\Web\envs\gorilla_job_net\Lib\site-packages\django\db\models\sql\compiler.py", line 1695, in pre_save_val
    return field.pre_save(obj, add=True)
           ^^^^^^^^^^^^^^^^^^^^^^^^^^^^^
  File "C:\Users\ART MACHINE\Desktop\Web\envs\gorilla_job_net\Lib\site-packages\django\db\models\fields\files.py", line 317, in pre_save
    file.save(file.name, file.file, save=False)
  File "C:\Users\ART MACHINE\Desktop\Web\envs\gorilla_job_net\Lib\site-packages\django\db\models\fields\files.py", line 93, in save
    self.name = self.storage.save(name, content, max_length=self.field.max_length)
                ^^^^^^^^^^^^^^^^^^^^^^^^^^^^^^^^^^^^^^^^^^^^^^^^^^^^^^^^^^^^^^^^^^
  File "C:\Users\ART MACHINE\Desktop\Web\envs\gorilla_job_net\Lib\site-packages\django\core\files\storage\base.py", line 38, in save
    name = self._save(name, content)
           ^^^^^^^^^^^^^^^^^^^^^^^^^
  File "C:\Users\ART MACHINE\Desktop\Web\envs\gorilla_job_net\Lib\site-packages\cloudinary_storage\storage.py", line 68, in _save
    response = self._upload(name, content)
               ^^^^^^^^^^^^^^^^^^^^^^^^^^^
  File "C:\Users\ART MACHINE\Desktop\Web\envs\gorilla_job_net\Lib\site-packages\cloudinary_storage\storage.py", line 62, in _upload
    return cloudinary.uploader.upload(content, **options)
           ^^^^^^^^^^^^^^^^^^^^^^^^^^^^^^^^^^^^^^^^^^^^^^
  File "C:\Users\ART MACHINE\Desktop\Web\envs\gorilla_job_net\Lib\site-packages\cloudinary\uploader.py", line 45, in upload
    return call_cacheable_api("upload", params, file=file, **options)
           ^^^^^^^^^^^^^^^^^^^^^^^^^^^^^^^^^^^^^^^^^^^^^^^^^^^^^^^^^^
  File "C:\Users\ART MACHINE\Desktop\Web\envs\gorilla_job_net\Lib\site-packages\cloudinary\uploader.py", line 462, in call_cacheable_api
    result = call_api(action, params, http_headers, return_error, unsigned, file, timeout, **options)
             ^^^^^^^^^^^^^^^^^^^^^^^^^^^^^^^^^^^^^^^^^^^^^^^^^^^^^^^^^^^^^^^^^^^^^^^^^^^^^^^^^^^^^^^^
  File "C:\Users\ART MACHINE\Desktop\Web\envs\gorilla_job_net\Lib\site-packages\cloudinary\uploader.py", line 511, in call_api
    raise Error("Unexpected error - {0!r}".format(e))
cloudinary.exceptions.Error: Unexpected error - MaxRetryError('TCPKeepAliveHTTPSConnectionPool(host=\'api.cloudinary.com\', port=443): Max retries exceeded with url: /v1_1/dkjcjttt8/image/upload (Caused by NameResolutionError("<urllib3.connection.HTTPSConnection object at 0x0000023E55E020D0>: Failed to resolve \'api.cloudinary.com\' ([Errno 11001] getaddrinfo failed)"))')
"POST /admin/Home/actions/add/ HTTP/1.1" 500 427488
Internal Server Error: /admin/Home/actions/add/
Traceback (most recent call last):
  File "C:\Users\ART MACHINE\Desktop\Web\envs\gorilla_job_net\Lib\site-packages\django\core\handlers\exception.py", line 55, in inner
    response = get_response(request)
               ^^^^^^^^^^^^^^^^^^^^^
  File "C:\Users\ART MACHINE\Desktop\Web\envs\gorilla_job_net\Lib\site-packages\django\core\handlers\base.py", line 197, in _get_response
    response = wrapped_callback(request, *callback_args, **callback_kwargs)
               ^^^^^^^^^^^^^^^^^^^^^^^^^^^^^^^^^^^^^^^^^^^^^^^^^^^^^^^^^^^^
  File "C:\Users\ART MACHINE\Desktop\Web\envs\gorilla_job_net\Lib\site-packages\django\contrib\admin\options.py", line 716, in wrapper
    return self.admin_site.admin_view(view)(*args, **kwargs)
           ^^^^^^^^^^^^^^^^^^^^^^^^^^^^^^^^^^^^^^^^^^^^^^^^^
  File "C:\Users\ART MACHINE\Desktop\Web\envs\gorilla_job_net\Lib\site-packages\django\utils\decorators.py", line 188, in _view_wrapper
    result = _process_exception(request, e)
             ^^^^^^^^^^^^^^^^^^^^^^^^^^^^^^
  File "C:\Users\ART MACHINE\Desktop\Web\envs\gorilla_job_net\Lib\site-packages\django\utils\decorators.py", line 186, in _view_wrapper
    response = view_func(request, *args, **kwargs)
               ^^^^^^^^^^^^^^^^^^^^^^^^^^^^^^^^^^^
  File "C:\Users\ART MACHINE\Desktop\Web\envs\gorilla_job_net\Lib\site-packages\django\views\decorators\cache.py", line 80, in _view_wrapper
    response = view_func(request, *args, **kwargs)
               ^^^^^^^^^^^^^^^^^^^^^^^^^^^^^^^^^^^
  File "C:\Users\ART MACHINE\Desktop\Web\envs\gorilla_job_net\Lib\site-packages\django\contrib\admin\sites.py", line 240, in inner
    return view(request, *args, **kwargs)
           ^^^^^^^^^^^^^^^^^^^^^^^^^^^^^^
  File "C:\Users\ART MACHINE\Desktop\Web\envs\gorilla_job_net\Lib\site-packages\django\contrib\admin\options.py", line 1945, in add_view
    return self.changeform_view(request, None, form_url, extra_context)
           ^^^^^^^^^^^^^^^^^^^^^^^^^^^^^^^^^^^^^^^^^^^^^^^^^^^^^^^^^^^^
  File "C:\Users\ART MACHINE\Desktop\Web\envs\gorilla_job_net\Lib\site-packages\django\utils\decorators.py", line 48, in _wrapper
    return bound_method(*args, **kwargs)
           ^^^^^^^^^^^^^^^^^^^^^^^^^^^^^
  File "C:\Users\ART MACHINE\Desktop\Web\envs\gorilla_job_net\Lib\site-packages\django\utils\decorators.py", line 188, in _view_wrapper
    result = _process_exception(request, e)
             ^^^^^^^^^^^^^^^^^^^^^^^^^^^^^^
  File "C:\Users\ART MACHINE\Desktop\Web\envs\gorilla_job_net\Lib\site-packages\django\utils\decorators.py", line 186, in _view_wrapper
    response = view_func(request, *args, **kwargs)
               ^^^^^^^^^^^^^^^^^^^^^^^^^^^^^^^^^^^
  File "C:\Users\ART MACHINE\Desktop\Web\envs\gorilla_job_net\Lib\site-packages\django\contrib\admin\options.py", line 1804, in changeform_view
    return self._changeform_view(request, object_id, form_url, extra_context)
           ^^^^^^^^^^^^^^^^^^^^^^^^^^^^^^^^^^^^^^^^^^^^^^^^^^^^^^^^^^^^^^^^^^
  File "C:\Users\ART MACHINE\Desktop\Web\envs\gorilla_job_net\Lib\site-packages\django\contrib\admin\options.py", line 1855, in _changeform_view
    self.save_model(request, new_object, form, not add)
  File "C:\Users\ART MACHINE\Desktop\Web\envs\gorilla_job_net\Lib\site-packages\django\contrib\admin\options.py", line 1259, in save_model
    obj.save()
  File "C:\Users\ART MACHINE\Desktop\Web\envs\gorilla_job_net\Lib\site-packages\django\db\models\base.py", line 822, in save
    self.save_base(
  File "C:\Users\ART MACHINE\Desktop\Web\envs\gorilla_job_net\Lib\site-packages\django\db\models\base.py", line 909, in save_base
    updated = self._save_table(
              ^^^^^^^^^^^^^^^^^
  File "C:\Users\ART MACHINE\Desktop\Web\envs\gorilla_job_net\Lib\site-packages\django\db\models\base.py", line 1071, in _save_table
    results = self._do_insert(
              ^^^^^^^^^^^^^^^^
  File "C:\Users\ART MACHINE\Desktop\Web\envs\gorilla_job_net\Lib\site-packages\django\db\models\base.py", line 1112, in _do_insert
    return manager._insert(
           ^^^^^^^^^^^^^^^^
  File "C:\Users\ART MACHINE\Desktop\Web\envs\gorilla_job_net\Lib\site-packages\django\db\models\manager.py", line 87, in manager_method
    return getattr(self.get_queryset(), name)(*args, **kwargs)
           ^^^^^^^^^^^^^^^^^^^^^^^^^^^^^^^^^^^^^^^^^^^^^^^^^^^
  File "C:\Users\ART MACHINE\Desktop\Web\envs\gorilla_job_net\Lib\site-packages\django\db\models\query.py", line 1847, in _insert
    return query.get_compiler(using=using).execute_sql(returning_fields)
           ^^^^^^^^^^^^^^^^^^^^^^^^^^^^^^^^^^^^^^^^^^^^^^^^^^^^^^^^^^^^^
  File "C:\Users\ART MACHINE\Desktop\Web\envs\gorilla_job_net\Lib\site-packages\django\db\models\sql\compiler.py", line 1822, in execute_sql
    for sql, params in self.as_sql():
                       ^^^^^^^^^^^^^
  File "C:\Users\ART MACHINE\Desktop\Web\envs\gorilla_job_net\Lib\site-packages\django\db\models\sql\compiler.py", line 1745, in as_sql
    value_rows = [
                 ^
  File "C:\Users\ART MACHINE\Desktop\Web\envs\gorilla_job_net\Lib\site-packages\django\db\models\sql\compiler.py", line 1746, in <listcomp>
    [
  File "C:\Users\ART MACHINE\Desktop\Web\envs\gorilla_job_net\Lib\site-packages\django\db\models\sql\compiler.py", line 1747, in <listcomp>
    self.prepare_value(field, self.pre_save_val(field, obj))
                              ^^^^^^^^^^^^^^^^^^^^^^^^^^^^^
  File "C:\Users\ART MACHINE\Desktop\Web\envs\gorilla_job_net\Lib\site-packages\django\db\models\sql\compiler.py", line 1695, in pre_save_val
    return field.pre_save(obj, add=True)
           ^^^^^^^^^^^^^^^^^^^^^^^^^^^^^
  File "C:\Users\ART MACHINE\Desktop\Web\envs\gorilla_job_net\Lib\site-packages\django\db\models\fields\files.py", line 317, in pre_save
    file.save(file.name, file.file, save=False)
  File "C:\Users\ART MACHINE\Desktop\Web\envs\gorilla_job_net\Lib\site-packages\django\db\models\fields\files.py", line 93, in save
    self.name = self.storage.save(name, content, max_length=self.field.max_length)
                ^^^^^^^^^^^^^^^^^^^^^^^^^^^^^^^^^^^^^^^^^^^^^^^^^^^^^^^^^^^^^^^^^^
  File "C:\Users\ART MACHINE\Desktop\Web\envs\gorilla_job_net\Lib\site-packages\django\core\files\storage\base.py", line 38, in save
    name = self._save(name, content)
           ^^^^^^^^^^^^^^^^^^^^^^^^^
  File "C:\Users\ART MACHINE\Desktop\Web\envs\gorilla_job_net\Lib\site-packages\cloudinary_storage\storage.py", line 68, in _save
    response = self._upload(name, content)
               ^^^^^^^^^^^^^^^^^^^^^^^^^^^
  File "C:\Users\ART MACHINE\Desktop\Web\envs\gorilla_job_net\Lib\site-packages\cloudinary_storage\storage.py", line 62, in _upload
    return cloudinary.uploader.upload(content, **options)
           ^^^^^^^^^^^^^^^^^^^^^^^^^^^^^^^^^^^^^^^^^^^^^^
  File "C:\Users\ART MACHINE\Desktop\Web\envs\gorilla_job_net\Lib\site-packages\cloudinary\uploader.py", line 45, in upload
    return call_cacheable_api("upload", params, file=file, **options)
           ^^^^^^^^^^^^^^^^^^^^^^^^^^^^^^^^^^^^^^^^^^^^^^^^^^^^^^^^^^
  File "C:\Users\ART MACHINE\Desktop\Web\envs\gorilla_job_net\Lib\site-packages\cloudinary\uploader.py", line 462, in call_cacheable_api
    result = call_api(action, params, http_headers, return_error, unsigned, file, timeout, **options)
             ^^^^^^^^^^^^^^^^^^^^^^^^^^^^^^^^^^^^^^^^^^^^^^^^^^^^^^^^^^^^^^^^^^^^^^^^^^^^^^^^^^^^^^^^
  File "C:\Users\ART MACHINE\Desktop\Web\envs\gorilla_job_net\Lib\site-packages\cloudinary\uploader.py", line 527, in call_api
    raise Error(result["error"]["message"])
cloudinary.exceptions.Error: Invalid api_key 	487462532878996
"POST /admin/Home/actions/add/ HTTP/1.1" 500 244450
Internal Server Error: /admin/Home/actions/add/
Traceback (most recent call last):
  File "C:\Users\ART MACHINE\Desktop\Web\envs\gorilla_job_net\Lib\site-packages\django\core\handlers\exception.py", line 55, in inner
    response = get_response(request)
               ^^^^^^^^^^^^^^^^^^^^^
  File "C:\Users\ART MACHINE\Desktop\Web\envs\gorilla_job_net\Lib\site-packages\django\core\handlers\base.py", line 197, in _get_response
    response = wrapped_callback(request, *callback_args, **callback_kwargs)
               ^^^^^^^^^^^^^^^^^^^^^^^^^^^^^^^^^^^^^^^^^^^^^^^^^^^^^^^^^^^^
  File "C:\Users\ART MACHINE\Desktop\Web\envs\gorilla_job_net\Lib\site-packages\django\contrib\admin\options.py", line 716, in wrapper
    return self.admin_site.admin_view(view)(*args, **kwargs)
           ^^^^^^^^^^^^^^^^^^^^^^^^^^^^^^^^^^^^^^^^^^^^^^^^^
  File "C:\Users\ART MACHINE\Desktop\Web\envs\gorilla_job_net\Lib\site-packages\django\utils\decorators.py", line 188, in _view_wrapper
    result = _process_exception(request, e)
             ^^^^^^^^^^^^^^^^^^^^^^^^^^^^^^
  File "C:\Users\ART MACHINE\Desktop\Web\envs\gorilla_job_net\Lib\site-packages\django\utils\decorators.py", line 186, in _view_wrapper
    response = view_func(request, *args, **kwargs)
               ^^^^^^^^^^^^^^^^^^^^^^^^^^^^^^^^^^^
  File "C:\Users\ART MACHINE\Desktop\Web\envs\gorilla_job_net\Lib\site-packages\django\views\decorators\cache.py", line 80, in _view_wrapper
    response = view_func(request, *args, **kwargs)
               ^^^^^^^^^^^^^^^^^^^^^^^^^^^^^^^^^^^
  File "C:\Users\ART MACHINE\Desktop\Web\envs\gorilla_job_net\Lib\site-packages\django\contrib\admin\sites.py", line 240, in inner
    return view(request, *args, **kwargs)
           ^^^^^^^^^^^^^^^^^^^^^^^^^^^^^^
  File "C:\Users\ART MACHINE\Desktop\Web\envs\gorilla_job_net\Lib\site-packages\django\contrib\admin\options.py", line 1945, in add_view
    return self.changeform_view(request, None, form_url, extra_context)
           ^^^^^^^^^^^^^^^^^^^^^^^^^^^^^^^^^^^^^^^^^^^^^^^^^^^^^^^^^^^^
  File "C:\Users\ART MACHINE\Desktop\Web\envs\gorilla_job_net\Lib\site-packages\django\utils\decorators.py", line 48, in _wrapper
    return bound_method(*args, **kwargs)
           ^^^^^^^^^^^^^^^^^^^^^^^^^^^^^
  File "C:\Users\ART MACHINE\Desktop\Web\envs\gorilla_job_net\Lib\site-packages\django\utils\decorators.py", line 188, in _view_wrapper
    result = _process_exception(request, e)
             ^^^^^^^^^^^^^^^^^^^^^^^^^^^^^^
  File "C:\Users\ART MACHINE\Desktop\Web\envs\gorilla_job_net\Lib\site-packages\django\utils\decorators.py", line 186, in _view_wrapper
    response = view_func(request, *args, **kwargs)
               ^^^^^^^^^^^^^^^^^^^^^^^^^^^^^^^^^^^
  File "C:\Users\ART MACHINE\Desktop\Web\envs\gorilla_job_net\Lib\site-packages\django\contrib\admin\options.py", line 1804, in changeform_view
    return self._changeform_view(request, object_id, form_url, extra_context)
           ^^^^^^^^^^^^^^^^^^^^^^^^^^^^^^^^^^^^^^^^^^^^^^^^^^^^^^^^^^^^^^^^^^
  File "C:\Users\ART MACHINE\Desktop\Web\envs\gorilla_job_net\Lib\site-packages\django\contrib\admin\options.py", line 1855, in _changeform_view
    self.save_model(request, new_object, form, not add)
  File "C:\Users\ART MACHINE\Desktop\Web\envs\gorilla_job_net\Lib\site-packages\django\contrib\admin\options.py", line 1259, in save_model
    obj.save()
  File "C:\Users\ART MACHINE\Desktop\Web\envs\gorilla_job_net\Lib\site-packages\django\db\models\base.py", line 822, in save
    self.save_base(
  File "C:\Users\ART MACHINE\Desktop\Web\envs\gorilla_job_net\Lib\site-packages\django\db\models\base.py", line 909, in save_base
    updated = self._save_table(
              ^^^^^^^^^^^^^^^^^
  File "C:\Users\ART MACHINE\Desktop\Web\envs\gorilla_job_net\Lib\site-packages\django\db\models\base.py", line 1071, in _save_table
    results = self._do_insert(
              ^^^^^^^^^^^^^^^^
  File "C:\Users\ART MACHINE\Desktop\Web\envs\gorilla_job_net\Lib\site-packages\django\db\models\base.py", line 1112, in _do_insert
    return manager._insert(
           ^^^^^^^^^^^^^^^^
  File "C:\Users\ART MACHINE\Desktop\Web\envs\gorilla_job_net\Lib\site-packages\django\db\models\manager.py", line 87, in manager_method
    return getattr(self.get_queryset(), name)(*args, **kwargs)
           ^^^^^^^^^^^^^^^^^^^^^^^^^^^^^^^^^^^^^^^^^^^^^^^^^^^
  File "C:\Users\ART MACHINE\Desktop\Web\envs\gorilla_job_net\Lib\site-packages\django\db\models\query.py", line 1847, in _insert
    return query.get_compiler(using=using).execute_sql(returning_fields)
           ^^^^^^^^^^^^^^^^^^^^^^^^^^^^^^^^^^^^^^^^^^^^^^^^^^^^^^^^^^^^^
  File "C:\Users\ART MACHINE\Desktop\Web\envs\gorilla_job_net\Lib\site-packages\django\db\models\sql\compiler.py", line 1822, in execute_sql
    for sql, params in self.as_sql():
                       ^^^^^^^^^^^^^
  File "C:\Users\ART MACHINE\Desktop\Web\envs\gorilla_job_net\Lib\site-packages\django\db\models\sql\compiler.py", line 1745, in as_sql
    value_rows = [
                 ^
  File "C:\Users\ART MACHINE\Desktop\Web\envs\gorilla_job_net\Lib\site-packages\django\db\models\sql\compiler.py", line 1746, in <listcomp>
    [
  File "C:\Users\ART MACHINE\Desktop\Web\envs\gorilla_job_net\Lib\site-packages\django\db\models\sql\compiler.py", line 1747, in <listcomp>
    self.prepare_value(field, self.pre_save_val(field, obj))
                              ^^^^^^^^^^^^^^^^^^^^^^^^^^^^^
  File "C:\Users\ART MACHINE\Desktop\Web\envs\gorilla_job_net\Lib\site-packages\django\db\models\sql\compiler.py", line 1695, in pre_save_val
    return field.pre_save(obj, add=True)
           ^^^^^^^^^^^^^^^^^^^^^^^^^^^^^
  File "C:\Users\ART MACHINE\Desktop\Web\envs\gorilla_job_net\Lib\site-packages\django\db\models\fields\files.py", line 317, in pre_save
    file.save(file.name, file.file, save=False)
  File "C:\Users\ART MACHINE\Desktop\Web\envs\gorilla_job_net\Lib\site-packages\django\db\models\fields\files.py", line 93, in save
    self.name = self.storage.save(name, content, max_length=self.field.max_length)
                ^^^^^^^^^^^^^^^^^^^^^^^^^^^^^^^^^^^^^^^^^^^^^^^^^^^^^^^^^^^^^^^^^^
  File "C:\Users\ART MACHINE\Desktop\Web\envs\gorilla_job_net\Lib\site-packages\django\core\files\storage\base.py", line 38, in save
    name = self._save(name, content)
           ^^^^^^^^^^^^^^^^^^^^^^^^^
  File "C:\Users\ART MACHINE\Desktop\Web\envs\gorilla_job_net\Lib\site-packages\cloudinary_storage\storage.py", line 68, in _save
    response = self._upload(name, content)
               ^^^^^^^^^^^^^^^^^^^^^^^^^^^
  File "C:\Users\ART MACHINE\Desktop\Web\envs\gorilla_job_net\Lib\site-packages\cloudinary_storage\storage.py", line 62, in _upload
    return cloudinary.uploader.upload(content, **options)
           ^^^^^^^^^^^^^^^^^^^^^^^^^^^^^^^^^^^^^^^^^^^^^^
  File "C:\Users\ART MACHINE\Desktop\Web\envs\gorilla_job_net\Lib\site-packages\cloudinary\uploader.py", line 45, in upload
    return call_cacheable_api("upload", params, file=file, **options)
           ^^^^^^^^^^^^^^^^^^^^^^^^^^^^^^^^^^^^^^^^^^^^^^^^^^^^^^^^^^
  File "C:\Users\ART MACHINE\Desktop\Web\envs\gorilla_job_net\Lib\site-packages\cloudinary\uploader.py", line 462, in call_cacheable_api
    result = call_api(action, params, http_headers, return_error, unsigned, file, timeout, **options)
             ^^^^^^^^^^^^^^^^^^^^^^^^^^^^^^^^^^^^^^^^^^^^^^^^^^^^^^^^^^^^^^^^^^^^^^^^^^^^^^^^^^^^^^^^
  File "C:\Users\ART MACHINE\Desktop\Web\envs\gorilla_job_net\Lib\site-packages\cloudinary\uploader.py", line 527, in call_api
    raise Error(result["error"]["message"])
cloudinary.exceptions.Error: Invalid api_key 	245231182152649
"POST /admin/Home/actions/add/ HTTP/1.1" 500 244450
Internal Server Error: /admin/Home/actions/add/
Traceback (most recent call last):
  File "C:\Users\ART MACHINE\Desktop\Web\envs\gorilla_job_net\Lib\site-packages\django\core\handlers\exception.py", line 55, in inner
    response = get_response(request)
               ^^^^^^^^^^^^^^^^^^^^^
  File "C:\Users\ART MACHINE\Desktop\Web\envs\gorilla_job_net\Lib\site-packages\django\core\handlers\base.py", line 197, in _get_response
    response = wrapped_callback(request, *callback_args, **callback_kwargs)
               ^^^^^^^^^^^^^^^^^^^^^^^^^^^^^^^^^^^^^^^^^^^^^^^^^^^^^^^^^^^^
  File "C:\Users\ART MACHINE\Desktop\Web\envs\gorilla_job_net\Lib\site-packages\django\contrib\admin\options.py", line 716, in wrapper
    return self.admin_site.admin_view(view)(*args, **kwargs)
           ^^^^^^^^^^^^^^^^^^^^^^^^^^^^^^^^^^^^^^^^^^^^^^^^^
  File "C:\Users\ART MACHINE\Desktop\Web\envs\gorilla_job_net\Lib\site-packages\django\utils\decorators.py", line 188, in _view_wrapper
    result = _process_exception(request, e)
             ^^^^^^^^^^^^^^^^^^^^^^^^^^^^^^
  File "C:\Users\ART MACHINE\Desktop\Web\envs\gorilla_job_net\Lib\site-packages\django\utils\decorators.py", line 186, in _view_wrapper
    response = view_func(request, *args, **kwargs)
               ^^^^^^^^^^^^^^^^^^^^^^^^^^^^^^^^^^^
  File "C:\Users\ART MACHINE\Desktop\Web\envs\gorilla_job_net\Lib\site-packages\django\views\decorators\cache.py", line 80, in _view_wrapper
    response = view_func(request, *args, **kwargs)
               ^^^^^^^^^^^^^^^^^^^^^^^^^^^^^^^^^^^
  File "C:\Users\ART MACHINE\Desktop\Web\envs\gorilla_job_net\Lib\site-packages\django\contrib\admin\sites.py", line 240, in inner
    return view(request, *args, **kwargs)
           ^^^^^^^^^^^^^^^^^^^^^^^^^^^^^^
  File "C:\Users\ART MACHINE\Desktop\Web\envs\gorilla_job_net\Lib\site-packages\django\contrib\admin\options.py", line 1945, in add_view
    return self.changeform_view(request, None, form_url, extra_context)
           ^^^^^^^^^^^^^^^^^^^^^^^^^^^^^^^^^^^^^^^^^^^^^^^^^^^^^^^^^^^^
  File "C:\Users\ART MACHINE\Desktop\Web\envs\gorilla_job_net\Lib\site-packages\django\utils\decorators.py", line 48, in _wrapper
    return bound_method(*args, **kwargs)
           ^^^^^^^^^^^^^^^^^^^^^^^^^^^^^
  File "C:\Users\ART MACHINE\Desktop\Web\envs\gorilla_job_net\Lib\site-packages\django\utils\decorators.py", line 188, in _view_wrapper
    result = _process_exception(request, e)
             ^^^^^^^^^^^^^^^^^^^^^^^^^^^^^^
  File "C:\Users\ART MACHINE\Desktop\Web\envs\gorilla_job_net\Lib\site-packages\django\utils\decorators.py", line 186, in _view_wrapper
    response = view_func(request, *args, **kwargs)
               ^^^^^^^^^^^^^^^^^^^^^^^^^^^^^^^^^^^
  File "C:\Users\ART MACHINE\Desktop\Web\envs\gorilla_job_net\Lib\site-packages\django\contrib\admin\options.py", line 1804, in changeform_view
    return self._changeform_view(request, object_id, form_url, extra_context)
           ^^^^^^^^^^^^^^^^^^^^^^^^^^^^^^^^^^^^^^^^^^^^^^^^^^^^^^^^^^^^^^^^^^
  File "C:\Users\ART MACHINE\Desktop\Web\envs\gorilla_job_net\Lib\site-packages\django\contrib\admin\options.py", line 1855, in _changeform_view
    self.save_model(request, new_object, form, not add)
  File "C:\Users\ART MACHINE\Desktop\Web\envs\gorilla_job_net\Lib\site-packages\django\contrib\admin\options.py", line 1259, in save_model
    obj.save()
  File "C:\Users\ART MACHINE\Desktop\Web\envs\gorilla_job_net\Lib\site-packages\django\db\models\base.py", line 822, in save
    self.save_base(
  File "C:\Users\ART MACHINE\Desktop\Web\envs\gorilla_job_net\Lib\site-packages\django\db\models\base.py", line 909, in save_base
    updated = self._save_table(
              ^^^^^^^^^^^^^^^^^
  File "C:\Users\ART MACHINE\Desktop\Web\envs\gorilla_job_net\Lib\site-packages\django\db\models\base.py", line 1071, in _save_table
    results = self._do_insert(
              ^^^^^^^^^^^^^^^^
  File "C:\Users\ART MACHINE\Desktop\Web\envs\gorilla_job_net\Lib\site-packages\django\db\models\base.py", line 1112, in _do_insert
    return manager._insert(
           ^^^^^^^^^^^^^^^^
  File "C:\Users\ART MACHINE\Desktop\Web\envs\gorilla_job_net\Lib\site-packages\django\db\models\manager.py", line 87, in manager_method
    return getattr(self.get_queryset(), name)(*args, **kwargs)
           ^^^^^^^^^^^^^^^^^^^^^^^^^^^^^^^^^^^^^^^^^^^^^^^^^^^
  File "C:\Users\ART MACHINE\Desktop\Web\envs\gorilla_job_net\Lib\site-packages\django\db\models\query.py", line 1847, in _insert
    return query.get_compiler(using=using).execute_sql(returning_fields)
           ^^^^^^^^^^^^^^^^^^^^^^^^^^^^^^^^^^^^^^^^^^^^^^^^^^^^^^^^^^^^^
  File "C:\Users\ART MACHINE\Desktop\Web\envs\gorilla_job_net\Lib\site-packages\django\db\models\sql\compiler.py", line 1822, in execute_sql
    for sql, params in self.as_sql():
                       ^^^^^^^^^^^^^
  File "C:\Users\ART MACHINE\Desktop\Web\envs\gorilla_job_net\Lib\site-packages\django\db\models\sql\compiler.py", line 1745, in as_sql
    value_rows = [
                 ^
  File "C:\Users\ART MACHINE\Desktop\Web\envs\gorilla_job_net\Lib\site-packages\django\db\models\sql\compiler.py", line 1746, in <listcomp>
    [
  File "C:\Users\ART MACHINE\Desktop\Web\envs\gorilla_job_net\Lib\site-packages\django\db\models\sql\compiler.py", line 1747, in <listcomp>
    self.prepare_value(field, self.pre_save_val(field, obj))
                              ^^^^^^^^^^^^^^^^^^^^^^^^^^^^^
  File "C:\Users\ART MACHINE\Desktop\Web\envs\gorilla_job_net\Lib\site-packages\django\db\models\sql\compiler.py", line 1695, in pre_save_val
    return field.pre_save(obj, add=True)
           ^^^^^^^^^^^^^^^^^^^^^^^^^^^^^
  File "C:\Users\ART MACHINE\Desktop\Web\envs\gorilla_job_net\Lib\site-packages\django\db\models\fields\files.py", line 317, in pre_save
    file.save(file.name, file.file, save=False)
  File "C:\Users\ART MACHINE\Desktop\Web\envs\gorilla_job_net\Lib\site-packages\django\db\models\fields\files.py", line 93, in save
    self.name = self.storage.save(name, content, max_length=self.field.max_length)
                ^^^^^^^^^^^^^^^^^^^^^^^^^^^^^^^^^^^^^^^^^^^^^^^^^^^^^^^^^^^^^^^^^^
  File "C:\Users\ART MACHINE\Desktop\Web\envs\gorilla_job_net\Lib\site-packages\django\core\files\storage\base.py", line 38, in save
    name = self._save(name, content)
           ^^^^^^^^^^^^^^^^^^^^^^^^^
  File "C:\Users\ART MACHINE\Desktop\Web\envs\gorilla_job_net\Lib\site-packages\cloudinary_storage\storage.py", line 68, in _save
    response = self._upload(name, content)
               ^^^^^^^^^^^^^^^^^^^^^^^^^^^
  File "C:\Users\ART MACHINE\Desktop\Web\envs\gorilla_job_net\Lib\site-packages\cloudinary_storage\storage.py", line 62, in _upload
    return cloudinary.uploader.upload(content, **options)
           ^^^^^^^^^^^^^^^^^^^^^^^^^^^^^^^^^^^^^^^^^^^^^^
  File "C:\Users\ART MACHINE\Desktop\Web\envs\gorilla_job_net\Lib\site-packages\cloudinary\uploader.py", line 45, in upload
    return call_cacheable_api("upload", params, file=file, **options)
           ^^^^^^^^^^^^^^^^^^^^^^^^^^^^^^^^^^^^^^^^^^^^^^^^^^^^^^^^^^
  File "C:\Users\ART MACHINE\Desktop\Web\envs\gorilla_job_net\Lib\site-packages\cloudinary\uploader.py", line 462, in call_cacheable_api
    result = call_api(action, params, http_headers, return_error, unsigned, file, timeout, **options)
             ^^^^^^^^^^^^^^^^^^^^^^^^^^^^^^^^^^^^^^^^^^^^^^^^^^^^^^^^^^^^^^^^^^^^^^^^^^^^^^^^^^^^^^^^
  File "C:\Users\ART MACHINE\Desktop\Web\envs\gorilla_job_net\Lib\site-packages\cloudinary\uploader.py", line 527, in call_api
    raise Error(result["error"]["message"])
cloudinary.exceptions.Error: Invalid api_key 	245231182152649
"POST /admin/Home/actions/add/ HTTP/1.1" 500 244450
Internal Server Error: /
Traceback (most recent call last):
  File "C:\Users\ART MACHINE\Desktop\Web\envs\gorilla_job_net\Lib\site-packages\django\db\backends\base\base.py", line 275, in ensure_connection
    self.connect()
  File "C:\Users\ART MACHINE\Desktop\Web\envs\gorilla_job_net\Lib\site-packages\django\utils\asyncio.py", line 26, in inner
    return func(*args, **kwargs)
           ^^^^^^^^^^^^^^^^^^^^^
  File "C:\Users\ART MACHINE\Desktop\Web\envs\gorilla_job_net\Lib\site-packages\django\db\backends\base\base.py", line 256, in connect
    self.connection = self.get_new_connection(conn_params)
                      ^^^^^^^^^^^^^^^^^^^^^^^^^^^^^^^^^^^^
  File "C:\Users\ART MACHINE\Desktop\Web\envs\gorilla_job_net\Lib\site-packages\django\utils\asyncio.py", line 26, in inner
    return func(*args, **kwargs)
           ^^^^^^^^^^^^^^^^^^^^^
  File "C:\Users\ART MACHINE\Desktop\Web\envs\gorilla_job_net\Lib\site-packages\django\db\backends\postgresql\base.py", line 277, in get_new_connection
    connection = self.Database.connect(**conn_params)
                 ^^^^^^^^^^^^^^^^^^^^^^^^^^^^^^^^^^^^
  File "C:\Users\ART MACHINE\Desktop\Web\envs\gorilla_job_net\Lib\site-packages\psycopg2\__init__.py", line 122, in connect
    conn = _connect(dsn, connection_factory=connection_factory, **kwasync)
           ^^^^^^^^^^^^^^^^^^^^^^^^^^^^^^^^^^^^^^^^^^^^^^^^^^^^^^^^^^^^^^^
psycopg2.OperationalError: could not translate host name "dpg-cr3mhr3v2p9s73dvgoog-a.oregon-postgres.render.com" to address: This is usually a temporary error during hostname resolution and means that the local server did not receive a response from an authoritative server. 


The above exception was the direct cause of the following exception:

Traceback (most recent call last):
  File "C:\Users\ART MACHINE\Desktop\Web\envs\gorilla_job_net\Lib\site-packages\django\core\handlers\exception.py", line 55, in inner
    response = get_response(request)
               ^^^^^^^^^^^^^^^^^^^^^
  File "C:\Users\ART MACHINE\Desktop\Web\envs\gorilla_job_net\Lib\site-packages\django\core\handlers\base.py", line 197, in _get_response
    response = wrapped_callback(request, *callback_args, **callback_kwargs)
               ^^^^^^^^^^^^^^^^^^^^^^^^^^^^^^^^^^^^^^^^^^^^^^^^^^^^^^^^^^^^
  File "C:\Users\ART MACHINE\Desktop\Web\envs\gorilla_job_net\Lib\site-packages\django\views\generic\base.py", line 104, in view
    return self.dispatch(request, *args, **kwargs)
           ^^^^^^^^^^^^^^^^^^^^^^^^^^^^^^^^^^^^^^^
  File "C:\Users\ART MACHINE\Desktop\Web\envs\gorilla_job_net\Lib\site-packages\django\views\generic\base.py", line 143, in dispatch
    return handler(request, *args, **kwargs)
           ^^^^^^^^^^^^^^^^^^^^^^^^^^^^^^^^^
  File "C:\Users\ART MACHINE\Desktop\Web\NDC\Home\views.py", line 19, in get
    return render(request,'home.html',context)
           ^^^^^^^^^^^^^^^^^^^^^^^^^^^^^^^^^^^
  File "C:\Users\ART MACHINE\Desktop\Web\envs\gorilla_job_net\Lib\site-packages\django\shortcuts.py", line 25, in render
    content = loader.render_to_string(template_name, context, request, using=using)
              ^^^^^^^^^^^^^^^^^^^^^^^^^^^^^^^^^^^^^^^^^^^^^^^^^^^^^^^^^^^^^^^^^^^^^
  File "C:\Users\ART MACHINE\Desktop\Web\envs\gorilla_job_net\Lib\site-packages\django\template\loader.py", line 62, in render_to_string
    return template.render(context, request)
           ^^^^^^^^^^^^^^^^^^^^^^^^^^^^^^^^^
  File "C:\Users\ART MACHINE\Desktop\Web\envs\gorilla_job_net\Lib\site-packages\django\template\backends\django.py", line 61, in render
    return self.template.render(context)
           ^^^^^^^^^^^^^^^^^^^^^^^^^^^^^
  File "C:\Users\ART MACHINE\Desktop\Web\envs\gorilla_job_net\Lib\site-packages\django\template\base.py", line 171, in render
    return self._render(context)
           ^^^^^^^^^^^^^^^^^^^^^
  File "C:\Users\ART MACHINE\Desktop\Web\envs\gorilla_job_net\Lib\site-packages\django\template\base.py", line 163, in _render
    return self.nodelist.render(context)
           ^^^^^^^^^^^^^^^^^^^^^^^^^^^^^
  File "C:\Users\ART MACHINE\Desktop\Web\envs\gorilla_job_net\Lib\site-packages\django\template\base.py", line 1000, in render
    return SafeString("".join([node.render_annotated(context) for node in self]))
                              ^^^^^^^^^^^^^^^^^^^^^^^^^^^^^^^^^^^^^^^^^^^^^^^^^
  File "C:\Users\ART MACHINE\Desktop\Web\envs\gorilla_job_net\Lib\site-packages\django\template\base.py", line 1000, in <listcomp>
    return SafeString("".join([node.render_annotated(context) for node in self]))
                               ^^^^^^^^^^^^^^^^^^^^^^^^^^^^^^
  File "C:\Users\ART MACHINE\Desktop\Web\envs\gorilla_job_net\Lib\site-packages\django\template\base.py", line 961, in render_annotated
    return self.render(context)
           ^^^^^^^^^^^^^^^^^^^^
  File "C:\Users\ART MACHINE\Desktop\Web\envs\gorilla_job_net\Lib\site-packages\django\template\loader_tags.py", line 159, in render
    return compiled_parent._render(context)
           ^^^^^^^^^^^^^^^^^^^^^^^^^^^^^^^^
  File "C:\Users\ART MACHINE\Desktop\Web\envs\gorilla_job_net\Lib\site-packages\django\template\base.py", line 163, in _render
    return self.nodelist.render(context)
           ^^^^^^^^^^^^^^^^^^^^^^^^^^^^^
  File "C:\Users\ART MACHINE\Desktop\Web\envs\gorilla_job_net\Lib\site-packages\django\template\base.py", line 1000, in render
    return SafeString("".join([node.render_annotated(context) for node in self]))
                              ^^^^^^^^^^^^^^^^^^^^^^^^^^^^^^^^^^^^^^^^^^^^^^^^^
  File "C:\Users\ART MACHINE\Desktop\Web\envs\gorilla_job_net\Lib\site-packages\django\template\base.py", line 1000, in <listcomp>
    return SafeString("".join([node.render_annotated(context) for node in self]))
                               ^^^^^^^^^^^^^^^^^^^^^^^^^^^^^^
  File "C:\Users\ART MACHINE\Desktop\Web\envs\gorilla_job_net\Lib\site-packages\django\template\base.py", line 961, in render_annotated
    return self.render(context)
           ^^^^^^^^^^^^^^^^^^^^
  File "C:\Users\ART MACHINE\Desktop\Web\envs\gorilla_job_net\Lib\site-packages\django\template\loader_tags.py", line 65, in render
    result = block.nodelist.render(context)
             ^^^^^^^^^^^^^^^^^^^^^^^^^^^^^^
  File "C:\Users\ART MACHINE\Desktop\Web\envs\gorilla_job_net\Lib\site-packages\django\template\base.py", line 1000, in render
    return SafeString("".join([node.render_annotated(context) for node in self]))
                              ^^^^^^^^^^^^^^^^^^^^^^^^^^^^^^^^^^^^^^^^^^^^^^^^^
  File "C:\Users\ART MACHINE\Desktop\Web\envs\gorilla_job_net\Lib\site-packages\django\template\base.py", line 1000, in <listcomp>
    return SafeString("".join([node.render_annotated(context) for node in self]))
                               ^^^^^^^^^^^^^^^^^^^^^^^^^^^^^^
  File "C:\Users\ART MACHINE\Desktop\Web\envs\gorilla_job_net\Lib\site-packages\django\template\base.py", line 961, in render_annotated
    return self.render(context)
           ^^^^^^^^^^^^^^^^^^^^
  File "C:\Users\ART MACHINE\Desktop\Web\envs\gorilla_job_net\Lib\site-packages\django\template\defaulttags.py", line 325, in render
    if match:
  File "C:\Users\ART MACHINE\Desktop\Web\envs\gorilla_job_net\Lib\site-packages\django\db\models\query.py", line 414, in __bool__
    self._fetch_all()
  File "C:\Users\ART MACHINE\Desktop\Web\envs\gorilla_job_net\Lib\site-packages\django\db\models\query.py", line 1928, in _fetch_all
    self._result_cache = list(self._iterable_class(self))
                         ^^^^^^^^^^^^^^^^^^^^^^^^^^^^^^^^
  File "C:\Users\ART MACHINE\Desktop\Web\envs\gorilla_job_net\Lib\site-packages\django\db\models\query.py", line 91, in __iter__
    results = compiler.execute_sql(
              ^^^^^^^^^^^^^^^^^^^^^
  File "C:\Users\ART MACHINE\Desktop\Web\envs\gorilla_job_net\Lib\site-packages\django\db\models\sql\compiler.py", line 1560, in execute_sql
    cursor = self.connection.cursor()
             ^^^^^^^^^^^^^^^^^^^^^^^^
  File "C:\Users\ART MACHINE\Desktop\Web\envs\gorilla_job_net\Lib\site-packages\django\utils\asyncio.py", line 26, in inner
    return func(*args, **kwargs)
           ^^^^^^^^^^^^^^^^^^^^^
  File "C:\Users\ART MACHINE\Desktop\Web\envs\gorilla_job_net\Lib\site-packages\django\db\backends\base\base.py", line 316, in cursor
    return self._cursor()
           ^^^^^^^^^^^^^^
  File "C:\Users\ART MACHINE\Desktop\Web\envs\gorilla_job_net\Lib\site-packages\django\db\backends\base\base.py", line 292, in _cursor
    self.ensure_connection()
  File "C:\Users\ART MACHINE\Desktop\Web\envs\gorilla_job_net\Lib\site-packages\django\utils\asyncio.py", line 26, in inner
    return func(*args, **kwargs)
           ^^^^^^^^^^^^^^^^^^^^^
  File "C:\Users\ART MACHINE\Desktop\Web\envs\gorilla_job_net\Lib\site-packages\django\db\backends\base\base.py", line 274, in ensure_connection
    with self.wrap_database_errors:
  File "C:\Users\ART MACHINE\Desktop\Web\envs\gorilla_job_net\Lib\site-packages\django\db\utils.py", line 91, in __exit__
    raise dj_exc_value.with_traceback(traceback) from exc_value
  File "C:\Users\ART MACHINE\Desktop\Web\envs\gorilla_job_net\Lib\site-packages\django\db\backends\base\base.py", line 275, in ensure_connection
    self.connect()
  File "C:\Users\ART MACHINE\Desktop\Web\envs\gorilla_job_net\Lib\site-packages\django\utils\asyncio.py", line 26, in inner
    return func(*args, **kwargs)
           ^^^^^^^^^^^^^^^^^^^^^
  File "C:\Users\ART MACHINE\Desktop\Web\envs\gorilla_job_net\Lib\site-packages\django\db\backends\base\base.py", line 256, in connect
    self.connection = self.get_new_connection(conn_params)
                      ^^^^^^^^^^^^^^^^^^^^^^^^^^^^^^^^^^^^
  File "C:\Users\ART MACHINE\Desktop\Web\envs\gorilla_job_net\Lib\site-packages\django\utils\asyncio.py", line 26, in inner
    return func(*args, **kwargs)
           ^^^^^^^^^^^^^^^^^^^^^
  File "C:\Users\ART MACHINE\Desktop\Web\envs\gorilla_job_net\Lib\site-packages\django\db\backends\postgresql\base.py", line 277, in get_new_connection
    connection = self.Database.connect(**conn_params)
                 ^^^^^^^^^^^^^^^^^^^^^^^^^^^^^^^^^^^^
  File "C:\Users\ART MACHINE\Desktop\Web\envs\gorilla_job_net\Lib\site-packages\psycopg2\__init__.py", line 122, in connect
    conn = _connect(dsn, connection_factory=connection_factory, **kwasync)
           ^^^^^^^^^^^^^^^^^^^^^^^^^^^^^^^^^^^^^^^^^^^^^^^^^^^^^^^^^^^^^^^
django.db.utils.OperationalError: could not translate host name "dpg-cr3mhr3v2p9s73dvgoog-a.oregon-postgres.render.com" to address: This is usually a temporary error during hostname resolution and means that the local server did not receive a response from an authoritative server. 

"GET / HTTP/1.1" 500 286747
Internal Server Error: /
Traceback (most recent call last):
  File "C:\Users\ART MACHINE\Desktop\Web\envs\gorilla_job_net\Lib\site-packages\django\db\backends\base\base.py", line 275, in ensure_connection
    self.connect()
  File "C:\Users\ART MACHINE\Desktop\Web\envs\gorilla_job_net\Lib\site-packages\django\utils\asyncio.py", line 26, in inner
    return func(*args, **kwargs)
           ^^^^^^^^^^^^^^^^^^^^^
  File "C:\Users\ART MACHINE\Desktop\Web\envs\gorilla_job_net\Lib\site-packages\django\db\backends\base\base.py", line 256, in connect
    self.connection = self.get_new_connection(conn_params)
                      ^^^^^^^^^^^^^^^^^^^^^^^^^^^^^^^^^^^^
  File "C:\Users\ART MACHINE\Desktop\Web\envs\gorilla_job_net\Lib\site-packages\django\utils\asyncio.py", line 26, in inner
    return func(*args, **kwargs)
           ^^^^^^^^^^^^^^^^^^^^^
  File "C:\Users\ART MACHINE\Desktop\Web\envs\gorilla_job_net\Lib\site-packages\django\db\backends\postgresql\base.py", line 277, in get_new_connection
    connection = self.Database.connect(**conn_params)
                 ^^^^^^^^^^^^^^^^^^^^^^^^^^^^^^^^^^^^
  File "C:\Users\ART MACHINE\Desktop\Web\envs\gorilla_job_net\Lib\site-packages\psycopg2\__init__.py", line 122, in connect
    conn = _connect(dsn, connection_factory=connection_factory, **kwasync)
           ^^^^^^^^^^^^^^^^^^^^^^^^^^^^^^^^^^^^^^^^^^^^^^^^^^^^^^^^^^^^^^^
psycopg2.OperationalError: could not translate host name "dpg-cr3mhr3v2p9s73dvgoog-a.oregon-postgres.render.com" to address: This is usually a temporary error during hostname resolution and means that the local server did not receive a response from an authoritative server. 


The above exception was the direct cause of the following exception:

Traceback (most recent call last):
  File "C:\Users\ART MACHINE\Desktop\Web\envs\gorilla_job_net\Lib\site-packages\django\core\handlers\exception.py", line 55, in inner
    response = get_response(request)
               ^^^^^^^^^^^^^^^^^^^^^
  File "C:\Users\ART MACHINE\Desktop\Web\envs\gorilla_job_net\Lib\site-packages\django\core\handlers\base.py", line 197, in _get_response
    response = wrapped_callback(request, *callback_args, **callback_kwargs)
               ^^^^^^^^^^^^^^^^^^^^^^^^^^^^^^^^^^^^^^^^^^^^^^^^^^^^^^^^^^^^
  File "C:\Users\ART MACHINE\Desktop\Web\envs\gorilla_job_net\Lib\site-packages\django\views\generic\base.py", line 104, in view
    return self.dispatch(request, *args, **kwargs)
           ^^^^^^^^^^^^^^^^^^^^^^^^^^^^^^^^^^^^^^^
  File "C:\Users\ART MACHINE\Desktop\Web\envs\gorilla_job_net\Lib\site-packages\django\views\generic\base.py", line 143, in dispatch
    return handler(request, *args, **kwargs)
           ^^^^^^^^^^^^^^^^^^^^^^^^^^^^^^^^^
  File "C:\Users\ART MACHINE\Desktop\Web\NDC\Home\views.py", line 19, in get
    return render(request,'home.html',context)
           ^^^^^^^^^^^^^^^^^^^^^^^^^^^^^^^^^^^
  File "C:\Users\ART MACHINE\Desktop\Web\envs\gorilla_job_net\Lib\site-packages\django\shortcuts.py", line 25, in render
    content = loader.render_to_string(template_name, context, request, using=using)
              ^^^^^^^^^^^^^^^^^^^^^^^^^^^^^^^^^^^^^^^^^^^^^^^^^^^^^^^^^^^^^^^^^^^^^
  File "C:\Users\ART MACHINE\Desktop\Web\envs\gorilla_job_net\Lib\site-packages\django\template\loader.py", line 62, in render_to_string
    return template.render(context, request)
           ^^^^^^^^^^^^^^^^^^^^^^^^^^^^^^^^^
  File "C:\Users\ART MACHINE\Desktop\Web\envs\gorilla_job_net\Lib\site-packages\django\template\backends\django.py", line 61, in render
    return self.template.render(context)
           ^^^^^^^^^^^^^^^^^^^^^^^^^^^^^
  File "C:\Users\ART MACHINE\Desktop\Web\envs\gorilla_job_net\Lib\site-packages\django\template\base.py", line 171, in render
    return self._render(context)
           ^^^^^^^^^^^^^^^^^^^^^
  File "C:\Users\ART MACHINE\Desktop\Web\envs\gorilla_job_net\Lib\site-packages\django\template\base.py", line 163, in _render
    return self.nodelist.render(context)
           ^^^^^^^^^^^^^^^^^^^^^^^^^^^^^
  File "C:\Users\ART MACHINE\Desktop\Web\envs\gorilla_job_net\Lib\site-packages\django\template\base.py", line 1000, in render
    return SafeString("".join([node.render_annotated(context) for node in self]))
                              ^^^^^^^^^^^^^^^^^^^^^^^^^^^^^^^^^^^^^^^^^^^^^^^^^
  File "C:\Users\ART MACHINE\Desktop\Web\envs\gorilla_job_net\Lib\site-packages\django\template\base.py", line 1000, in <listcomp>
    return SafeString("".join([node.render_annotated(context) for node in self]))
                               ^^^^^^^^^^^^^^^^^^^^^^^^^^^^^^
  File "C:\Users\ART MACHINE\Desktop\Web\envs\gorilla_job_net\Lib\site-packages\django\template\base.py", line 961, in render_annotated
    return self.render(context)
           ^^^^^^^^^^^^^^^^^^^^
  File "C:\Users\ART MACHINE\Desktop\Web\envs\gorilla_job_net\Lib\site-packages\django\template\loader_tags.py", line 159, in render
    return compiled_parent._render(context)
           ^^^^^^^^^^^^^^^^^^^^^^^^^^^^^^^^
  File "C:\Users\ART MACHINE\Desktop\Web\envs\gorilla_job_net\Lib\site-packages\django\template\base.py", line 163, in _render
    return self.nodelist.render(context)
           ^^^^^^^^^^^^^^^^^^^^^^^^^^^^^
  File "C:\Users\ART MACHINE\Desktop\Web\envs\gorilla_job_net\Lib\site-packages\django\template\base.py", line 1000, in render
    return SafeString("".join([node.render_annotated(context) for node in self]))
                              ^^^^^^^^^^^^^^^^^^^^^^^^^^^^^^^^^^^^^^^^^^^^^^^^^
  File "C:\Users\ART MACHINE\Desktop\Web\envs\gorilla_job_net\Lib\site-packages\django\template\base.py", line 1000, in <listcomp>
    return SafeString("".join([node.render_annotated(context) for node in self]))
                               ^^^^^^^^^^^^^^^^^^^^^^^^^^^^^^
  File "C:\Users\ART MACHINE\Desktop\Web\envs\gorilla_job_net\Lib\site-packages\django\template\base.py", line 961, in render_annotated
    return self.render(context)
           ^^^^^^^^^^^^^^^^^^^^
  File "C:\Users\ART MACHINE\Desktop\Web\envs\gorilla_job_net\Lib\site-packages\django\template\loader_tags.py", line 65, in render
    result = block.nodelist.render(context)
             ^^^^^^^^^^^^^^^^^^^^^^^^^^^^^^
  File "C:\Users\ART MACHINE\Desktop\Web\envs\gorilla_job_net\Lib\site-packages\django\template\base.py", line 1000, in render
    return SafeString("".join([node.render_annotated(context) for node in self]))
                              ^^^^^^^^^^^^^^^^^^^^^^^^^^^^^^^^^^^^^^^^^^^^^^^^^
  File "C:\Users\ART MACHINE\Desktop\Web\envs\gorilla_job_net\Lib\site-packages\django\template\base.py", line 1000, in <listcomp>
    return SafeString("".join([node.render_annotated(context) for node in self]))
                               ^^^^^^^^^^^^^^^^^^^^^^^^^^^^^^
  File "C:\Users\ART MACHINE\Desktop\Web\envs\gorilla_job_net\Lib\site-packages\django\template\base.py", line 961, in render_annotated
    return self.render(context)
           ^^^^^^^^^^^^^^^^^^^^
  File "C:\Users\ART MACHINE\Desktop\Web\envs\gorilla_job_net\Lib\site-packages\django\template\defaulttags.py", line 325, in render
    if match:
  File "C:\Users\ART MACHINE\Desktop\Web\envs\gorilla_job_net\Lib\site-packages\django\db\models\query.py", line 414, in __bool__
    self._fetch_all()
  File "C:\Users\ART MACHINE\Desktop\Web\envs\gorilla_job_net\Lib\site-packages\django\db\models\query.py", line 1928, in _fetch_all
    self._result_cache = list(self._iterable_class(self))
                         ^^^^^^^^^^^^^^^^^^^^^^^^^^^^^^^^
  File "C:\Users\ART MACHINE\Desktop\Web\envs\gorilla_job_net\Lib\site-packages\django\db\models\query.py", line 91, in __iter__
    results = compiler.execute_sql(
              ^^^^^^^^^^^^^^^^^^^^^
  File "C:\Users\ART MACHINE\Desktop\Web\envs\gorilla_job_net\Lib\site-packages\django\db\models\sql\compiler.py", line 1560, in execute_sql
    cursor = self.connection.cursor()
             ^^^^^^^^^^^^^^^^^^^^^^^^
  File "C:\Users\ART MACHINE\Desktop\Web\envs\gorilla_job_net\Lib\site-packages\django\utils\asyncio.py", line 26, in inner
    return func(*args, **kwargs)
           ^^^^^^^^^^^^^^^^^^^^^
  File "C:\Users\ART MACHINE\Desktop\Web\envs\gorilla_job_net\Lib\site-packages\django\db\backends\base\base.py", line 316, in cursor
    return self._cursor()
           ^^^^^^^^^^^^^^
  File "C:\Users\ART MACHINE\Desktop\Web\envs\gorilla_job_net\Lib\site-packages\django\db\backends\base\base.py", line 292, in _cursor
    self.ensure_connection()
  File "C:\Users\ART MACHINE\Desktop\Web\envs\gorilla_job_net\Lib\site-packages\django\utils\asyncio.py", line 26, in inner
    return func(*args, **kwargs)
           ^^^^^^^^^^^^^^^^^^^^^
  File "C:\Users\ART MACHINE\Desktop\Web\envs\gorilla_job_net\Lib\site-packages\django\db\backends\base\base.py", line 274, in ensure_connection
    with self.wrap_database_errors:
  File "C:\Users\ART MACHINE\Desktop\Web\envs\gorilla_job_net\Lib\site-packages\django\db\utils.py", line 91, in __exit__
    raise dj_exc_value.with_traceback(traceback) from exc_value
  File "C:\Users\ART MACHINE\Desktop\Web\envs\gorilla_job_net\Lib\site-packages\django\db\backends\base\base.py", line 275, in ensure_connection
    self.connect()
  File "C:\Users\ART MACHINE\Desktop\Web\envs\gorilla_job_net\Lib\site-packages\django\utils\asyncio.py", line 26, in inner
    return func(*args, **kwargs)
           ^^^^^^^^^^^^^^^^^^^^^
  File "C:\Users\ART MACHINE\Desktop\Web\envs\gorilla_job_net\Lib\site-packages\django\db\backends\base\base.py", line 256, in connect
    self.connection = self.get_new_connection(conn_params)
                      ^^^^^^^^^^^^^^^^^^^^^^^^^^^^^^^^^^^^
  File "C:\Users\ART MACHINE\Desktop\Web\envs\gorilla_job_net\Lib\site-packages\django\utils\asyncio.py", line 26, in inner
    return func(*args, **kwargs)
           ^^^^^^^^^^^^^^^^^^^^^
  File "C:\Users\ART MACHINE\Desktop\Web\envs\gorilla_job_net\Lib\site-packages\django\db\backends\postgresql\base.py", line 277, in get_new_connection
    connection = self.Database.connect(**conn_params)
                 ^^^^^^^^^^^^^^^^^^^^^^^^^^^^^^^^^^^^
  File "C:\Users\ART MACHINE\Desktop\Web\envs\gorilla_job_net\Lib\site-packages\psycopg2\__init__.py", line 122, in connect
    conn = _connect(dsn, connection_factory=connection_factory, **kwasync)
           ^^^^^^^^^^^^^^^^^^^^^^^^^^^^^^^^^^^^^^^^^^^^^^^^^^^^^^^^^^^^^^^
django.db.utils.OperationalError: could not translate host name "dpg-cr3mhr3v2p9s73dvgoog-a.oregon-postgres.render.com" to address: This is usually a temporary error during hostname resolution and means that the local server did not receive a response from an authoritative server. 

"GET / HTTP/1.1" 500 285665
Internal Server Error: /
Traceback (most recent call last):
  File "C:\Users\ART MACHINE\Desktop\Web\envs\gorilla_job_net\Lib\site-packages\django\db\backends\base\base.py", line 275, in ensure_connection
    self.connect()
  File "C:\Users\ART MACHINE\Desktop\Web\envs\gorilla_job_net\Lib\site-packages\django\utils\asyncio.py", line 26, in inner
    return func(*args, **kwargs)
           ^^^^^^^^^^^^^^^^^^^^^
  File "C:\Users\ART MACHINE\Desktop\Web\envs\gorilla_job_net\Lib\site-packages\django\db\backends\base\base.py", line 256, in connect
    self.connection = self.get_new_connection(conn_params)
                      ^^^^^^^^^^^^^^^^^^^^^^^^^^^^^^^^^^^^
  File "C:\Users\ART MACHINE\Desktop\Web\envs\gorilla_job_net\Lib\site-packages\django\utils\asyncio.py", line 26, in inner
    return func(*args, **kwargs)
           ^^^^^^^^^^^^^^^^^^^^^
  File "C:\Users\ART MACHINE\Desktop\Web\envs\gorilla_job_net\Lib\site-packages\django\db\backends\postgresql\base.py", line 277, in get_new_connection
    connection = self.Database.connect(**conn_params)
                 ^^^^^^^^^^^^^^^^^^^^^^^^^^^^^^^^^^^^
  File "C:\Users\ART MACHINE\Desktop\Web\envs\gorilla_job_net\Lib\site-packages\psycopg2\__init__.py", line 122, in connect
    conn = _connect(dsn, connection_factory=connection_factory, **kwasync)
           ^^^^^^^^^^^^^^^^^^^^^^^^^^^^^^^^^^^^^^^^^^^^^^^^^^^^^^^^^^^^^^^
psycopg2.OperationalError: could not translate host name "dpg-cr3mhr3v2p9s73dvgoog-a.oregon-postgres.render.com" to address: No such host is known. 


The above exception was the direct cause of the following exception:

Traceback (most recent call last):
  File "C:\Users\ART MACHINE\Desktop\Web\envs\gorilla_job_net\Lib\site-packages\django\core\handlers\exception.py", line 55, in inner
    response = get_response(request)
               ^^^^^^^^^^^^^^^^^^^^^
  File "C:\Users\ART MACHINE\Desktop\Web\envs\gorilla_job_net\Lib\site-packages\django\core\handlers\base.py", line 197, in _get_response
    response = wrapped_callback(request, *callback_args, **callback_kwargs)
               ^^^^^^^^^^^^^^^^^^^^^^^^^^^^^^^^^^^^^^^^^^^^^^^^^^^^^^^^^^^^
  File "C:\Users\ART MACHINE\Desktop\Web\envs\gorilla_job_net\Lib\site-packages\django\views\generic\base.py", line 104, in view
    return self.dispatch(request, *args, **kwargs)
           ^^^^^^^^^^^^^^^^^^^^^^^^^^^^^^^^^^^^^^^
  File "C:\Users\ART MACHINE\Desktop\Web\envs\gorilla_job_net\Lib\site-packages\django\views\generic\base.py", line 143, in dispatch
    return handler(request, *args, **kwargs)
           ^^^^^^^^^^^^^^^^^^^^^^^^^^^^^^^^^
  File "C:\Users\ART MACHINE\Desktop\Web\NDC\Home\views.py", line 19, in get
    return render(request,'home.html',context)
           ^^^^^^^^^^^^^^^^^^^^^^^^^^^^^^^^^^^
  File "C:\Users\ART MACHINE\Desktop\Web\envs\gorilla_job_net\Lib\site-packages\django\shortcuts.py", line 25, in render
    content = loader.render_to_string(template_name, context, request, using=using)
              ^^^^^^^^^^^^^^^^^^^^^^^^^^^^^^^^^^^^^^^^^^^^^^^^^^^^^^^^^^^^^^^^^^^^^
  File "C:\Users\ART MACHINE\Desktop\Web\envs\gorilla_job_net\Lib\site-packages\django\template\loader.py", line 62, in render_to_string
    return template.render(context, request)
           ^^^^^^^^^^^^^^^^^^^^^^^^^^^^^^^^^
  File "C:\Users\ART MACHINE\Desktop\Web\envs\gorilla_job_net\Lib\site-packages\django\template\backends\django.py", line 61, in render
    return self.template.render(context)
           ^^^^^^^^^^^^^^^^^^^^^^^^^^^^^
  File "C:\Users\ART MACHINE\Desktop\Web\envs\gorilla_job_net\Lib\site-packages\django\template\base.py", line 171, in render
    return self._render(context)
           ^^^^^^^^^^^^^^^^^^^^^
  File "C:\Users\ART MACHINE\Desktop\Web\envs\gorilla_job_net\Lib\site-packages\django\template\base.py", line 163, in _render
    return self.nodelist.render(context)
           ^^^^^^^^^^^^^^^^^^^^^^^^^^^^^
  File "C:\Users\ART MACHINE\Desktop\Web\envs\gorilla_job_net\Lib\site-packages\django\template\base.py", line 1000, in render
    return SafeString("".join([node.render_annotated(context) for node in self]))
                              ^^^^^^^^^^^^^^^^^^^^^^^^^^^^^^^^^^^^^^^^^^^^^^^^^
  File "C:\Users\ART MACHINE\Desktop\Web\envs\gorilla_job_net\Lib\site-packages\django\template\base.py", line 1000, in <listcomp>
    return SafeString("".join([node.render_annotated(context) for node in self]))
                               ^^^^^^^^^^^^^^^^^^^^^^^^^^^^^^
  File "C:\Users\ART MACHINE\Desktop\Web\envs\gorilla_job_net\Lib\site-packages\django\template\base.py", line 961, in render_annotated
    return self.render(context)
           ^^^^^^^^^^^^^^^^^^^^
  File "C:\Users\ART MACHINE\Desktop\Web\envs\gorilla_job_net\Lib\site-packages\django\template\loader_tags.py", line 159, in render
    return compiled_parent._render(context)
           ^^^^^^^^^^^^^^^^^^^^^^^^^^^^^^^^
  File "C:\Users\ART MACHINE\Desktop\Web\envs\gorilla_job_net\Lib\site-packages\django\template\base.py", line 163, in _render
    return self.nodelist.render(context)
           ^^^^^^^^^^^^^^^^^^^^^^^^^^^^^
  File "C:\Users\ART MACHINE\Desktop\Web\envs\gorilla_job_net\Lib\site-packages\django\template\base.py", line 1000, in render
    return SafeString("".join([node.render_annotated(context) for node in self]))
                              ^^^^^^^^^^^^^^^^^^^^^^^^^^^^^^^^^^^^^^^^^^^^^^^^^
  File "C:\Users\ART MACHINE\Desktop\Web\envs\gorilla_job_net\Lib\site-packages\django\template\base.py", line 1000, in <listcomp>
    return SafeString("".join([node.render_annotated(context) for node in self]))
                               ^^^^^^^^^^^^^^^^^^^^^^^^^^^^^^
  File "C:\Users\ART MACHINE\Desktop\Web\envs\gorilla_job_net\Lib\site-packages\django\template\base.py", line 961, in render_annotated
    return self.render(context)
           ^^^^^^^^^^^^^^^^^^^^
  File "C:\Users\ART MACHINE\Desktop\Web\envs\gorilla_job_net\Lib\site-packages\django\template\loader_tags.py", line 65, in render
    result = block.nodelist.render(context)
             ^^^^^^^^^^^^^^^^^^^^^^^^^^^^^^
  File "C:\Users\ART MACHINE\Desktop\Web\envs\gorilla_job_net\Lib\site-packages\django\template\base.py", line 1000, in render
    return SafeString("".join([node.render_annotated(context) for node in self]))
                              ^^^^^^^^^^^^^^^^^^^^^^^^^^^^^^^^^^^^^^^^^^^^^^^^^
  File "C:\Users\ART MACHINE\Desktop\Web\envs\gorilla_job_net\Lib\site-packages\django\template\base.py", line 1000, in <listcomp>
    return SafeString("".join([node.render_annotated(context) for node in self]))
                               ^^^^^^^^^^^^^^^^^^^^^^^^^^^^^^
  File "C:\Users\ART MACHINE\Desktop\Web\envs\gorilla_job_net\Lib\site-packages\django\template\base.py", line 961, in render_annotated
    return self.render(context)
           ^^^^^^^^^^^^^^^^^^^^
  File "C:\Users\ART MACHINE\Desktop\Web\envs\gorilla_job_net\Lib\site-packages\django\template\defaulttags.py", line 325, in render
    if match:
  File "C:\Users\ART MACHINE\Desktop\Web\envs\gorilla_job_net\Lib\site-packages\django\db\models\query.py", line 414, in __bool__
    self._fetch_all()
  File "C:\Users\ART MACHINE\Desktop\Web\envs\gorilla_job_net\Lib\site-packages\django\db\models\query.py", line 1928, in _fetch_all
    self._result_cache = list(self._iterable_class(self))
                         ^^^^^^^^^^^^^^^^^^^^^^^^^^^^^^^^
  File "C:\Users\ART MACHINE\Desktop\Web\envs\gorilla_job_net\Lib\site-packages\django\db\models\query.py", line 91, in __iter__
    results = compiler.execute_sql(
              ^^^^^^^^^^^^^^^^^^^^^
  File "C:\Users\ART MACHINE\Desktop\Web\envs\gorilla_job_net\Lib\site-packages\django\db\models\sql\compiler.py", line 1560, in execute_sql
    cursor = self.connection.cursor()
             ^^^^^^^^^^^^^^^^^^^^^^^^
  File "C:\Users\ART MACHINE\Desktop\Web\envs\gorilla_job_net\Lib\site-packages\django\utils\asyncio.py", line 26, in inner
    return func(*args, **kwargs)
           ^^^^^^^^^^^^^^^^^^^^^
  File "C:\Users\ART MACHINE\Desktop\Web\envs\gorilla_job_net\Lib\site-packages\django\db\backends\base\base.py", line 316, in cursor
    return self._cursor()
           ^^^^^^^^^^^^^^
  File "C:\Users\ART MACHINE\Desktop\Web\envs\gorilla_job_net\Lib\site-packages\django\db\backends\base\base.py", line 292, in _cursor
    self.ensure_connection()
  File "C:\Users\ART MACHINE\Desktop\Web\envs\gorilla_job_net\Lib\site-packages\django\utils\asyncio.py", line 26, in inner
    return func(*args, **kwargs)
           ^^^^^^^^^^^^^^^^^^^^^
  File "C:\Users\ART MACHINE\Desktop\Web\envs\gorilla_job_net\Lib\site-packages\django\db\backends\base\base.py", line 274, in ensure_connection
    with self.wrap_database_errors:
  File "C:\Users\ART MACHINE\Desktop\Web\envs\gorilla_job_net\Lib\site-packages\django\db\utils.py", line 91, in __exit__
    raise dj_exc_value.with_traceback(traceback) from exc_value
  File "C:\Users\ART MACHINE\Desktop\Web\envs\gorilla_job_net\Lib\site-packages\django\db\backends\base\base.py", line 275, in ensure_connection
    self.connect()
  File "C:\Users\ART MACHINE\Desktop\Web\envs\gorilla_job_net\Lib\site-packages\django\utils\asyncio.py", line 26, in inner
    return func(*args, **kwargs)
           ^^^^^^^^^^^^^^^^^^^^^
  File "C:\Users\ART MACHINE\Desktop\Web\envs\gorilla_job_net\Lib\site-packages\django\db\backends\base\base.py", line 256, in connect
    self.connection = self.get_new_connection(conn_params)
                      ^^^^^^^^^^^^^^^^^^^^^^^^^^^^^^^^^^^^
  File "C:\Users\ART MACHINE\Desktop\Web\envs\gorilla_job_net\Lib\site-packages\django\utils\asyncio.py", line 26, in inner
    return func(*args, **kwargs)
           ^^^^^^^^^^^^^^^^^^^^^
  File "C:\Users\ART MACHINE\Desktop\Web\envs\gorilla_job_net\Lib\site-packages\django\db\backends\postgresql\base.py", line 277, in get_new_connection
    connection = self.Database.connect(**conn_params)
                 ^^^^^^^^^^^^^^^^^^^^^^^^^^^^^^^^^^^^
  File "C:\Users\ART MACHINE\Desktop\Web\envs\gorilla_job_net\Lib\site-packages\psycopg2\__init__.py", line 122, in connect
    conn = _connect(dsn, connection_factory=connection_factory, **kwasync)
           ^^^^^^^^^^^^^^^^^^^^^^^^^^^^^^^^^^^^^^^^^^^^^^^^^^^^^^^^^^^^^^^
django.db.utils.OperationalError: could not translate host name "dpg-cr3mhr3v2p9s73dvgoog-a.oregon-postgres.render.com" to address: No such host is known. 

"GET / HTTP/1.1" 500 281794
Internal Server Error: /
Traceback (most recent call last):
  File "C:\Users\ART MACHINE\Desktop\Web\envs\gorilla_job_net\Lib\site-packages\django\db\backends\base\base.py", line 275, in ensure_connection
    self.connect()
  File "C:\Users\ART MACHINE\Desktop\Web\envs\gorilla_job_net\Lib\site-packages\django\utils\asyncio.py", line 26, in inner
    return func(*args, **kwargs)
           ^^^^^^^^^^^^^^^^^^^^^
  File "C:\Users\ART MACHINE\Desktop\Web\envs\gorilla_job_net\Lib\site-packages\django\db\backends\base\base.py", line 256, in connect
    self.connection = self.get_new_connection(conn_params)
                      ^^^^^^^^^^^^^^^^^^^^^^^^^^^^^^^^^^^^
  File "C:\Users\ART MACHINE\Desktop\Web\envs\gorilla_job_net\Lib\site-packages\django\utils\asyncio.py", line 26, in inner
    return func(*args, **kwargs)
           ^^^^^^^^^^^^^^^^^^^^^
  File "C:\Users\ART MACHINE\Desktop\Web\envs\gorilla_job_net\Lib\site-packages\django\db\backends\postgresql\base.py", line 277, in get_new_connection
    connection = self.Database.connect(**conn_params)
                 ^^^^^^^^^^^^^^^^^^^^^^^^^^^^^^^^^^^^
  File "C:\Users\ART MACHINE\Desktop\Web\envs\gorilla_job_net\Lib\site-packages\psycopg2\__init__.py", line 122, in connect
    conn = _connect(dsn, connection_factory=connection_factory, **kwasync)
           ^^^^^^^^^^^^^^^^^^^^^^^^^^^^^^^^^^^^^^^^^^^^^^^^^^^^^^^^^^^^^^^
psycopg2.OperationalError: could not translate host name "dpg-cr3mhr3v2p9s73dvgoog-a.oregon-postgres.render.com" to address: No such host is known. 


The above exception was the direct cause of the following exception:

Traceback (most recent call last):
  File "C:\Users\ART MACHINE\Desktop\Web\envs\gorilla_job_net\Lib\site-packages\django\core\handlers\exception.py", line 55, in inner
    response = get_response(request)
               ^^^^^^^^^^^^^^^^^^^^^
  File "C:\Users\ART MACHINE\Desktop\Web\envs\gorilla_job_net\Lib\site-packages\django\core\handlers\base.py", line 197, in _get_response
    response = wrapped_callback(request, *callback_args, **callback_kwargs)
               ^^^^^^^^^^^^^^^^^^^^^^^^^^^^^^^^^^^^^^^^^^^^^^^^^^^^^^^^^^^^
  File "C:\Users\ART MACHINE\Desktop\Web\envs\gorilla_job_net\Lib\site-packages\django\views\generic\base.py", line 104, in view
    return self.dispatch(request, *args, **kwargs)
           ^^^^^^^^^^^^^^^^^^^^^^^^^^^^^^^^^^^^^^^
  File "C:\Users\ART MACHINE\Desktop\Web\envs\gorilla_job_net\Lib\site-packages\django\views\generic\base.py", line 143, in dispatch
    return handler(request, *args, **kwargs)
           ^^^^^^^^^^^^^^^^^^^^^^^^^^^^^^^^^
  File "C:\Users\ART MACHINE\Desktop\Web\NDC\Home\views.py", line 19, in get
    return render(request,'home.html',context)
           ^^^^^^^^^^^^^^^^^^^^^^^^^^^^^^^^^^^
  File "C:\Users\ART MACHINE\Desktop\Web\envs\gorilla_job_net\Lib\site-packages\django\shortcuts.py", line 25, in render
    content = loader.render_to_string(template_name, context, request, using=using)
              ^^^^^^^^^^^^^^^^^^^^^^^^^^^^^^^^^^^^^^^^^^^^^^^^^^^^^^^^^^^^^^^^^^^^^
  File "C:\Users\ART MACHINE\Desktop\Web\envs\gorilla_job_net\Lib\site-packages\django\template\loader.py", line 62, in render_to_string
    return template.render(context, request)
           ^^^^^^^^^^^^^^^^^^^^^^^^^^^^^^^^^
  File "C:\Users\ART MACHINE\Desktop\Web\envs\gorilla_job_net\Lib\site-packages\django\template\backends\django.py", line 61, in render
    return self.template.render(context)
           ^^^^^^^^^^^^^^^^^^^^^^^^^^^^^
  File "C:\Users\ART MACHINE\Desktop\Web\envs\gorilla_job_net\Lib\site-packages\django\template\base.py", line 171, in render
    return self._render(context)
           ^^^^^^^^^^^^^^^^^^^^^
  File "C:\Users\ART MACHINE\Desktop\Web\envs\gorilla_job_net\Lib\site-packages\django\template\base.py", line 163, in _render
    return self.nodelist.render(context)
           ^^^^^^^^^^^^^^^^^^^^^^^^^^^^^
  File "C:\Users\ART MACHINE\Desktop\Web\envs\gorilla_job_net\Lib\site-packages\django\template\base.py", line 1000, in render
    return SafeString("".join([node.render_annotated(context) for node in self]))
                              ^^^^^^^^^^^^^^^^^^^^^^^^^^^^^^^^^^^^^^^^^^^^^^^^^
  File "C:\Users\ART MACHINE\Desktop\Web\envs\gorilla_job_net\Lib\site-packages\django\template\base.py", line 1000, in <listcomp>
    return SafeString("".join([node.render_annotated(context) for node in self]))
                               ^^^^^^^^^^^^^^^^^^^^^^^^^^^^^^
  File "C:\Users\ART MACHINE\Desktop\Web\envs\gorilla_job_net\Lib\site-packages\django\template\base.py", line 961, in render_annotated
    return self.render(context)
           ^^^^^^^^^^^^^^^^^^^^
  File "C:\Users\ART MACHINE\Desktop\Web\envs\gorilla_job_net\Lib\site-packages\django\template\loader_tags.py", line 159, in render
    return compiled_parent._render(context)
           ^^^^^^^^^^^^^^^^^^^^^^^^^^^^^^^^
  File "C:\Users\ART MACHINE\Desktop\Web\envs\gorilla_job_net\Lib\site-packages\django\template\base.py", line 163, in _render
    return self.nodelist.render(context)
           ^^^^^^^^^^^^^^^^^^^^^^^^^^^^^
  File "C:\Users\ART MACHINE\Desktop\Web\envs\gorilla_job_net\Lib\site-packages\django\template\base.py", line 1000, in render
    return SafeString("".join([node.render_annotated(context) for node in self]))
                              ^^^^^^^^^^^^^^^^^^^^^^^^^^^^^^^^^^^^^^^^^^^^^^^^^
  File "C:\Users\ART MACHINE\Desktop\Web\envs\gorilla_job_net\Lib\site-packages\django\template\base.py", line 1000, in <listcomp>
    return SafeString("".join([node.render_annotated(context) for node in self]))
                               ^^^^^^^^^^^^^^^^^^^^^^^^^^^^^^
  File "C:\Users\ART MACHINE\Desktop\Web\envs\gorilla_job_net\Lib\site-packages\django\template\base.py", line 961, in render_annotated
    return self.render(context)
           ^^^^^^^^^^^^^^^^^^^^
  File "C:\Users\ART MACHINE\Desktop\Web\envs\gorilla_job_net\Lib\site-packages\django\template\loader_tags.py", line 65, in render
    result = block.nodelist.render(context)
             ^^^^^^^^^^^^^^^^^^^^^^^^^^^^^^
  File "C:\Users\ART MACHINE\Desktop\Web\envs\gorilla_job_net\Lib\site-packages\django\template\base.py", line 1000, in render
    return SafeString("".join([node.render_annotated(context) for node in self]))
                              ^^^^^^^^^^^^^^^^^^^^^^^^^^^^^^^^^^^^^^^^^^^^^^^^^
  File "C:\Users\ART MACHINE\Desktop\Web\envs\gorilla_job_net\Lib\site-packages\django\template\base.py", line 1000, in <listcomp>
    return SafeString("".join([node.render_annotated(context) for node in self]))
                               ^^^^^^^^^^^^^^^^^^^^^^^^^^^^^^
  File "C:\Users\ART MACHINE\Desktop\Web\envs\gorilla_job_net\Lib\site-packages\django\template\base.py", line 961, in render_annotated
    return self.render(context)
           ^^^^^^^^^^^^^^^^^^^^
  File "C:\Users\ART MACHINE\Desktop\Web\envs\gorilla_job_net\Lib\site-packages\django\template\defaulttags.py", line 325, in render
    if match:
  File "C:\Users\ART MACHINE\Desktop\Web\envs\gorilla_job_net\Lib\site-packages\django\db\models\query.py", line 414, in __bool__
    self._fetch_all()
  File "C:\Users\ART MACHINE\Desktop\Web\envs\gorilla_job_net\Lib\site-packages\django\db\models\query.py", line 1928, in _fetch_all
    self._result_cache = list(self._iterable_class(self))
                         ^^^^^^^^^^^^^^^^^^^^^^^^^^^^^^^^
  File "C:\Users\ART MACHINE\Desktop\Web\envs\gorilla_job_net\Lib\site-packages\django\db\models\query.py", line 91, in __iter__
    results = compiler.execute_sql(
              ^^^^^^^^^^^^^^^^^^^^^
  File "C:\Users\ART MACHINE\Desktop\Web\envs\gorilla_job_net\Lib\site-packages\django\db\models\sql\compiler.py", line 1560, in execute_sql
    cursor = self.connection.cursor()
             ^^^^^^^^^^^^^^^^^^^^^^^^
  File "C:\Users\ART MACHINE\Desktop\Web\envs\gorilla_job_net\Lib\site-packages\django\utils\asyncio.py", line 26, in inner
    return func(*args, **kwargs)
           ^^^^^^^^^^^^^^^^^^^^^
  File "C:\Users\ART MACHINE\Desktop\Web\envs\gorilla_job_net\Lib\site-packages\django\db\backends\base\base.py", line 316, in cursor
    return self._cursor()
           ^^^^^^^^^^^^^^
  File "C:\Users\ART MACHINE\Desktop\Web\envs\gorilla_job_net\Lib\site-packages\django\db\backends\base\base.py", line 292, in _cursor
    self.ensure_connection()
  File "C:\Users\ART MACHINE\Desktop\Web\envs\gorilla_job_net\Lib\site-packages\django\utils\asyncio.py", line 26, in inner
    return func(*args, **kwargs)
           ^^^^^^^^^^^^^^^^^^^^^
  File "C:\Users\ART MACHINE\Desktop\Web\envs\gorilla_job_net\Lib\site-packages\django\db\backends\base\base.py", line 274, in ensure_connection
    with self.wrap_database_errors:
  File "C:\Users\ART MACHINE\Desktop\Web\envs\gorilla_job_net\Lib\site-packages\django\db\utils.py", line 91, in __exit__
    raise dj_exc_value.with_traceback(traceback) from exc_value
  File "C:\Users\ART MACHINE\Desktop\Web\envs\gorilla_job_net\Lib\site-packages\django\db\backends\base\base.py", line 275, in ensure_connection
    self.connect()
  File "C:\Users\ART MACHINE\Desktop\Web\envs\gorilla_job_net\Lib\site-packages\django\utils\asyncio.py", line 26, in inner
    return func(*args, **kwargs)
           ^^^^^^^^^^^^^^^^^^^^^
  File "C:\Users\ART MACHINE\Desktop\Web\envs\gorilla_job_net\Lib\site-packages\django\db\backends\base\base.py", line 256, in connect
    self.connection = self.get_new_connection(conn_params)
                      ^^^^^^^^^^^^^^^^^^^^^^^^^^^^^^^^^^^^
  File "C:\Users\ART MACHINE\Desktop\Web\envs\gorilla_job_net\Lib\site-packages\django\utils\asyncio.py", line 26, in inner
    return func(*args, **kwargs)
           ^^^^^^^^^^^^^^^^^^^^^
  File "C:\Users\ART MACHINE\Desktop\Web\envs\gorilla_job_net\Lib\site-packages\django\db\backends\postgresql\base.py", line 277, in get_new_connection
    connection = self.Database.connect(**conn_params)
                 ^^^^^^^^^^^^^^^^^^^^^^^^^^^^^^^^^^^^
  File "C:\Users\ART MACHINE\Desktop\Web\envs\gorilla_job_net\Lib\site-packages\psycopg2\__init__.py", line 122, in connect
    conn = _connect(dsn, connection_factory=connection_factory, **kwasync)
           ^^^^^^^^^^^^^^^^^^^^^^^^^^^^^^^^^^^^^^^^^^^^^^^^^^^^^^^^^^^^^^^
django.db.utils.OperationalError: could not translate host name "dpg-cr3mhr3v2p9s73dvgoog-a.oregon-postgres.render.com" to address: No such host is known. 

"GET / HTTP/1.1" 500 280712
